Symlinking /frontier_expo/frontier_exploration/devel/include/yocs_msgs/LocalizeFeedback.h
Symlinking /frontier_expo/frontier_exploration/devel/include/yocs_msgs/WaypointListServiceResponse.h
Symlinking /frontier_expo/frontier_exploration/devel/include/yocs_msgs/MagicButton.h
Symlinking /frontier_expo/frontier_exploration/devel/include/yocs_msgs/ARPairList.h
Symlinking /frontier_expo/frontier_exploration/devel/include/yocs_msgs/LocalizeGoal.h
Symlinking /frontier_expo/frontier_exploration/devel/include/yocs_msgs/LocalizeActionResult.h
Symlinking /frontier_expo/frontier_exploration/devel/include/yocs_msgs/WaypointListService.h
Symlinking /frontier_expo/frontier_exploration/devel/include/yocs_msgs/NavigateToActionFeedback.h
Symlinking /frontier_expo/frontier_exploration/devel/include/yocs_msgs/DockingInteractorAction.h
Symlinking /frontier_expo/frontier_exploration/devel/include/yocs_msgs/DockingInteractorGoal.h
Symlinking /frontier_expo/frontier_exploration/devel/include/yocs_msgs/NavigationControlStatus.h
Symlinking /frontier_expo/frontier_exploration/devel/include/yocs_msgs/WallList.h
Symlinking /frontier_expo/frontier_exploration/devel/include/yocs_msgs/DockingInteractorActionGoal.h
Symlinking /frontier_expo/frontier_exploration/devel/include/yocs_msgs/ColumnList.h
Symlinking /frontier_expo/frontier_exploration/devel/include/yocs_msgs/DockingInteractorActionFeedback.h
Symlinking /frontier_expo/frontier_exploration/devel/include/yocs_msgs/DockingInteractorFeedback.h
Symlinking /frontier_expo/frontier_exploration/devel/include/yocs_msgs/NavigateToActionResult.h
Symlinking /frontier_expo/frontier_exploration/devel/include/yocs_msgs/Wall.h
Symlinking /frontier_expo/frontier_exploration/devel/include/yocs_msgs/NavigateToGoal.h
Symlinking /frontier_expo/frontier_exploration/devel/include/yocs_msgs/NavigateToFeedback.h
Symlinking /frontier_expo/frontier_exploration/devel/include/yocs_msgs/Waypoint.h
Symlinking /frontier_expo/frontier_exploration/devel/include/yocs_msgs/WaypointListServiceRequest.h
Symlinking /frontier_expo/frontier_exploration/devel/include/yocs_msgs/TrajectoryList.h
Symlinking /frontier_expo/frontier_exploration/devel/include/yocs_msgs/NavigateToAction.h
Symlinking /frontier_expo/frontier_exploration/devel/include/yocs_msgs/WaypointList.h
Symlinking /frontier_expo/frontier_exploration/devel/include/yocs_msgs/JoystickConfig.h
Symlinking /frontier_expo/frontier_exploration/devel/include/yocs_msgs/Table.h
Symlinking /frontier_expo/frontier_exploration/devel/include/yocs_msgs/TableList.h
Symlinking /frontier_expo/frontier_exploration/devel/include/yocs_msgs/NavigateToActionGoal.h
Symlinking /frontier_expo/frontier_exploration/devel/include/yocs_msgs/NavigateToResult.h
Symlinking /frontier_expo/frontier_exploration/devel/include/yocs_msgs/DockingInteractorActionResult.h
Symlinking /frontier_expo/frontier_exploration/devel/include/yocs_msgs/LocalizeActionGoal.h
Symlinking /frontier_expo/frontier_exploration/devel/include/yocs_msgs/LocalizeAction.h
Symlinking /frontier_expo/frontier_exploration/devel/include/yocs_msgs/LocalizeActionFeedback.h
Symlinking /frontier_expo/frontier_exploration/devel/include/yocs_msgs/ARPair.h
Symlinking /frontier_expo/frontier_exploration/devel/include/yocs_msgs/DockingInteractorResult.h
Symlinking /frontier_expo/frontier_exploration/devel/include/yocs_msgs/LocalizeResult.h
Symlinking /frontier_expo/frontier_exploration/devel/include/yocs_msgs/Trajectory.h
Symlinking /frontier_expo/frontier_exploration/devel/include/yocs_msgs/NavigationControl.h
Symlinking /frontier_expo/frontier_exploration/devel/include/yocs_msgs/Column.h
Symlinking /frontier_expo/frontier_exploration/devel/lib/pkgconfig/yocs_msgs.pc
Symlinking /frontier_expo/frontier_exploration/devel/lib/python3/dist-packages/yocs_msgs/__init__.py
Symlinking /frontier_expo/frontier_exploration/devel/lib/python3/dist-packages/yocs_msgs/msg/_NavigateToResult.py
Symlinking /frontier_expo/frontier_exploration/devel/lib/python3/dist-packages/yocs_msgs/msg/_DockingInteractorActionResult.py
Symlinking /frontier_expo/frontier_exploration/devel/lib/python3/dist-packages/yocs_msgs/msg/_NavigationControlStatus.py
Symlinking /frontier_expo/frontier_exploration/devel/lib/python3/dist-packages/yocs_msgs/msg/_Wall.py
Symlinking /frontier_expo/frontier_exploration/devel/lib/python3/dist-packages/yocs_msgs/msg/_Waypoint.py
Symlinking /frontier_expo/frontier_exploration/devel/lib/python3/dist-packages/yocs_msgs/msg/__init__.py
Symlinking /frontier_expo/frontier_exploration/devel/lib/python3/dist-packages/yocs_msgs/msg/_DockingInteractorActionFeedback.py
Symlinking /frontier_expo/frontier_exploration/devel/lib/python3/dist-packages/yocs_msgs/msg/_Trajectory.py
Symlinking /frontier_expo/frontier_exploration/devel/lib/python3/dist-packages/yocs_msgs/msg/_TableList.py
Symlinking /frontier_expo/frontier_exploration/devel/lib/python3/dist-packages/yocs_msgs/msg/_Table.py
Symlinking /frontier_expo/frontier_exploration/devel/lib/python3/dist-packages/yocs_msgs/msg/_TrajectoryList.py
Symlinking /frontier_expo/frontier_exploration/devel/lib/python3/dist-packages/yocs_msgs/msg/_LocalizeAction.py
Symlinking /frontier_expo/frontier_exploration/devel/lib/python3/dist-packages/yocs_msgs/msg/_DockingInteractorFeedback.py
Symlinking /frontier_expo/frontier_exploration/devel/lib/python3/dist-packages/yocs_msgs/msg/_LocalizeActionGoal.py
Symlinking /frontier_expo/frontier_exploration/devel/lib/python3/dist-packages/yocs_msgs/msg/_LocalizeActionFeedback.py
Symlinking /frontier_expo/frontier_exploration/devel/lib/python3/dist-packages/yocs_msgs/msg/_NavigateToActionGoal.py
Symlinking /frontier_expo/frontier_exploration/devel/lib/python3/dist-packages/yocs_msgs/msg/_MagicButton.py
Symlinking /frontier_expo/frontier_exploration/devel/lib/python3/dist-packages/yocs_msgs/msg/_WaypointList.py
Symlinking /frontier_expo/frontier_exploration/devel/lib/python3/dist-packages/yocs_msgs/msg/_ARPair.py
Symlinking /frontier_expo/frontier_exploration/devel/lib/python3/dist-packages/yocs_msgs/msg/_LocalizeGoal.py
Symlinking /frontier_expo/frontier_exploration/devel/lib/python3/dist-packages/yocs_msgs/msg/_DockingInteractorActionGoal.py
Symlinking /frontier_expo/frontier_exploration/devel/lib/python3/dist-packages/yocs_msgs/msg/_NavigateToAction.py
Symlinking /frontier_expo/frontier_exploration/devel/lib/python3/dist-packages/yocs_msgs/msg/_DockingInteractorResult.py
Symlinking /frontier_expo/frontier_exploration/devel/lib/python3/dist-packages/yocs_msgs/msg/_NavigateToGoal.py
Symlinking /frontier_expo/frontier_exploration/devel/lib/python3/dist-packages/yocs_msgs/msg/_LocalizeResult.py
Symlinking /frontier_expo/frontier_exploration/devel/lib/python3/dist-packages/yocs_msgs/msg/_DockingInteractorGoal.py
Symlinking /frontier_expo/frontier_exploration/devel/lib/python3/dist-packages/yocs_msgs/msg/_LocalizeActionResult.py
Symlinking /frontier_expo/frontier_exploration/devel/lib/python3/dist-packages/yocs_msgs/msg/_ARPairList.py
Symlinking /frontier_expo/frontier_exploration/devel/lib/python3/dist-packages/yocs_msgs/msg/_NavigationControl.py
Symlinking /frontier_expo/frontier_exploration/devel/lib/python3/dist-packages/yocs_msgs/msg/_NavigateToActionFeedback.py
Symlinking /frontier_expo/frontier_exploration/devel/lib/python3/dist-packages/yocs_msgs/msg/_Column.py
Symlinking /frontier_expo/frontier_exploration/devel/lib/python3/dist-packages/yocs_msgs/msg/_NavigateToFeedback.py
Symlinking /frontier_expo/frontier_exploration/devel/lib/python3/dist-packages/yocs_msgs/msg/_ColumnList.py
Symlinking /frontier_expo/frontier_exploration/devel/lib/python3/dist-packages/yocs_msgs/msg/_NavigateToActionResult.py
Symlinking /frontier_expo/frontier_exploration/devel/lib/python3/dist-packages/yocs_msgs/msg/_DockingInteractorAction.py
Symlinking /frontier_expo/frontier_exploration/devel/lib/python3/dist-packages/yocs_msgs/msg/_LocalizeFeedback.py
Symlinking /frontier_expo/frontier_exploration/devel/lib/python3/dist-packages/yocs_msgs/msg/_WallList.py
Symlinking /frontier_expo/frontier_exploration/devel/lib/python3/dist-packages/yocs_msgs/srv/_WaypointListService.py
Symlinking /frontier_expo/frontier_exploration/devel/lib/python3/dist-packages/yocs_msgs/srv/__init__.py
Symlinking /frontier_expo/frontier_exploration/devel/lib/python3/dist-packages/yocs_msgs/cfg/JoystickConfig.py
Symlinking /frontier_expo/frontier_exploration/devel/lib/python3/dist-packages/yocs_msgs/cfg/__init__.py
Symlinking /frontier_expo/frontier_exploration/devel/share/gennodejs/ros/yocs_msgs/_index.js
Symlinking /frontier_expo/frontier_exploration/devel/share/gennodejs/ros/yocs_msgs/msg/DockingInteractorGoal.js
Symlinking /frontier_expo/frontier_exploration/devel/share/gennodejs/ros/yocs_msgs/msg/LocalizeActionFeedback.js
Symlinking /frontier_expo/frontier_exploration/devel/share/gennodejs/ros/yocs_msgs/msg/DockingInteractorActionGoal.js
Symlinking /frontier_expo/frontier_exploration/devel/share/gennodejs/ros/yocs_msgs/msg/TableList.js
Symlinking /frontier_expo/frontier_exploration/devel/share/gennodejs/ros/yocs_msgs/msg/NavigateToActionResult.js
Symlinking /frontier_expo/frontier_exploration/devel/share/gennodejs/ros/yocs_msgs/msg/LocalizeAction.js
Symlinking /frontier_expo/frontier_exploration/devel/share/gennodejs/ros/yocs_msgs/msg/NavigateToResult.js
Symlinking /frontier_expo/frontier_exploration/devel/share/gennodejs/ros/yocs_msgs/msg/NavigateToGoal.js
Symlinking /frontier_expo/frontier_exploration/devel/share/gennodejs/ros/yocs_msgs/msg/MagicButton.js
Symlinking /frontier_expo/frontier_exploration/devel/share/gennodejs/ros/yocs_msgs/msg/DockingInteractorActionResult.js
Symlinking /frontier_expo/frontier_exploration/devel/share/gennodejs/ros/yocs_msgs/msg/Trajectory.js
Symlinking /frontier_expo/frontier_exploration/devel/share/gennodejs/ros/yocs_msgs/msg/Table.js
Symlinking /frontier_expo/frontier_exploration/devel/share/gennodejs/ros/yocs_msgs/msg/DockingInteractorAction.js
Symlinking /frontier_expo/frontier_exploration/devel/share/gennodejs/ros/yocs_msgs/msg/ARPairList.js
Symlinking /frontier_expo/frontier_exploration/devel/share/gennodejs/ros/yocs_msgs/msg/NavigateToFeedback.js
Symlinking /frontier_expo/frontier_exploration/devel/share/gennodejs/ros/yocs_msgs/msg/LocalizeActionGoal.js
Symlinking /frontier_expo/frontier_exploration/devel/share/gennodejs/ros/yocs_msgs/msg/WallList.js
Symlinking /frontier_expo/frontier_exploration/devel/share/gennodejs/ros/yocs_msgs/msg/Column.js
Symlinking /frontier_expo/frontier_exploration/devel/share/gennodejs/ros/yocs_msgs/msg/Wall.js
Symlinking /frontier_expo/frontier_exploration/devel/share/gennodejs/ros/yocs_msgs/msg/ARPair.js
Symlinking /frontier_expo/frontier_exploration/devel/share/gennodejs/ros/yocs_msgs/msg/LocalizeResult.js
Symlinking /frontier_expo/frontier_exploration/devel/share/gennodejs/ros/yocs_msgs/msg/ColumnList.js
Symlinking /frontier_expo/frontier_exploration/devel/share/gennodejs/ros/yocs_msgs/msg/NavigationControlStatus.js
Symlinking /frontier_expo/frontier_exploration/devel/share/gennodejs/ros/yocs_msgs/msg/LocalizeGoal.js
Symlinking /frontier_expo/frontier_exploration/devel/share/gennodejs/ros/yocs_msgs/msg/WaypointList.js
Symlinking /frontier_expo/frontier_exploration/devel/share/gennodejs/ros/yocs_msgs/msg/NavigateToActionFeedback.js
Symlinking /frontier_expo/frontier_exploration/devel/share/gennodejs/ros/yocs_msgs/msg/DockingInteractorFeedback.js
Symlinking /frontier_expo/frontier_exploration/devel/share/gennodejs/ros/yocs_msgs/msg/_index.js
Symlinking /frontier_expo/frontier_exploration/devel/share/gennodejs/ros/yocs_msgs/msg/NavigationControl.js
Symlinking /frontier_expo/frontier_exploration/devel/share/gennodejs/ros/yocs_msgs/msg/DockingInteractorActionFeedback.js
Symlinking /frontier_expo/frontier_exploration/devel/share/gennodejs/ros/yocs_msgs/msg/DockingInteractorResult.js
Symlinking /frontier_expo/frontier_exploration/devel/share/gennodejs/ros/yocs_msgs/msg/TrajectoryList.js
Symlinking /frontier_expo/frontier_exploration/devel/share/gennodejs/ros/yocs_msgs/msg/LocalizeFeedback.js
Symlinking /frontier_expo/frontier_exploration/devel/share/gennodejs/ros/yocs_msgs/msg/LocalizeActionResult.js
Symlinking /frontier_expo/frontier_exploration/devel/share/gennodejs/ros/yocs_msgs/msg/NavigateToAction.js
Symlinking /frontier_expo/frontier_exploration/devel/share/gennodejs/ros/yocs_msgs/msg/NavigateToActionGoal.js
Symlinking /frontier_expo/frontier_exploration/devel/share/gennodejs/ros/yocs_msgs/msg/Waypoint.js
Symlinking /frontier_expo/frontier_exploration/devel/share/gennodejs/ros/yocs_msgs/srv/WaypointListService.js
Symlinking /frontier_expo/frontier_exploration/devel/share/gennodejs/ros/yocs_msgs/srv/_index.js
Symlinking /frontier_expo/frontier_exploration/devel/share/roseus/ros/yocs_msgs/manifest.l
Symlinking /frontier_expo/frontier_exploration/devel/share/roseus/ros/yocs_msgs/msg/ARPair.l
Symlinking /frontier_expo/frontier_exploration/devel/share/roseus/ros/yocs_msgs/msg/TrajectoryList.l
Symlinking /frontier_expo/frontier_exploration/devel/share/roseus/ros/yocs_msgs/msg/LocalizeResult.l
Symlinking /frontier_expo/frontier_exploration/devel/share/roseus/ros/yocs_msgs/msg/LocalizeActionFeedback.l
Symlinking /frontier_expo/frontier_exploration/devel/share/roseus/ros/yocs_msgs/msg/Trajectory.l
Symlinking /frontier_expo/frontier_exploration/devel/share/roseus/ros/yocs_msgs/msg/ColumnList.l
Symlinking /frontier_expo/frontier_exploration/devel/share/roseus/ros/yocs_msgs/msg/Waypoint.l
Symlinking /frontier_expo/frontier_exploration/devel/share/roseus/ros/yocs_msgs/msg/NavigationControlStatus.l
Symlinking /frontier_expo/frontier_exploration/devel/share/roseus/ros/yocs_msgs/msg/DockingInteractorActionResult.l
Symlinking /frontier_expo/frontier_exploration/devel/share/roseus/ros/yocs_msgs/msg/NavigateToResult.l
Symlinking /frontier_expo/frontier_exploration/devel/share/roseus/ros/yocs_msgs/msg/NavigateToActionFeedback.l
Symlinking /frontier_expo/frontier_exploration/devel/share/roseus/ros/yocs_msgs/msg/NavigationControl.l
Symlinking /frontier_expo/frontier_exploration/devel/share/roseus/ros/yocs_msgs/msg/NavigateToActionGoal.l
Symlinking /frontier_expo/frontier_exploration/devel/share/roseus/ros/yocs_msgs/msg/DockingInteractorActionFeedback.l
Symlinking /frontier_expo/frontier_exploration/devel/share/roseus/ros/yocs_msgs/msg/LocalizeFeedback.l
Symlinking /frontier_expo/frontier_exploration/devel/share/roseus/ros/yocs_msgs/msg/LocalizeGoal.l
Symlinking /frontier_expo/frontier_exploration/devel/share/roseus/ros/yocs_msgs/msg/Table.l
Symlinking /frontier_expo/frontier_exploration/devel/share/roseus/ros/yocs_msgs/msg/Wall.l
Symlinking /frontier_expo/frontier_exploration/devel/share/roseus/ros/yocs_msgs/msg/Column.l
Symlinking /frontier_expo/frontier_exploration/devel/share/roseus/ros/yocs_msgs/msg/LocalizeAction.l
Symlinking /frontier_expo/frontier_exploration/devel/share/roseus/ros/yocs_msgs/msg/DockingInteractorGoal.l
Symlinking /frontier_expo/frontier_exploration/devel/share/roseus/ros/yocs_msgs/msg/NavigateToGoal.l
Symlinking /frontier_expo/frontier_exploration/devel/share/roseus/ros/yocs_msgs/msg/ARPairList.l
Symlinking /frontier_expo/frontier_exploration/devel/share/roseus/ros/yocs_msgs/msg/LocalizeActionResult.l
Symlinking /frontier_expo/frontier_exploration/devel/share/roseus/ros/yocs_msgs/msg/WaypointList.l
Symlinking /frontier_expo/frontier_exploration/devel/share/roseus/ros/yocs_msgs/msg/TableList.l
Symlinking /frontier_expo/frontier_exploration/devel/share/roseus/ros/yocs_msgs/msg/MagicButton.l
Symlinking /frontier_expo/frontier_exploration/devel/share/roseus/ros/yocs_msgs/msg/DockingInteractorActionGoal.l
Symlinking /frontier_expo/frontier_exploration/devel/share/roseus/ros/yocs_msgs/msg/NavigateToAction.l
Symlinking /frontier_expo/frontier_exploration/devel/share/roseus/ros/yocs_msgs/msg/WallList.l
Symlinking /frontier_expo/frontier_exploration/devel/share/roseus/ros/yocs_msgs/msg/DockingInteractorResult.l
Symlinking /frontier_expo/frontier_exploration/devel/share/roseus/ros/yocs_msgs/msg/LocalizeActionGoal.l
Symlinking /frontier_expo/frontier_exploration/devel/share/roseus/ros/yocs_msgs/msg/DockingInteractorAction.l
Symlinking /frontier_expo/frontier_exploration/devel/share/roseus/ros/yocs_msgs/msg/NavigateToFeedback.l
Symlinking /frontier_expo/frontier_exploration/devel/share/roseus/ros/yocs_msgs/msg/NavigateToActionResult.l
Symlinking /frontier_expo/frontier_exploration/devel/share/roseus/ros/yocs_msgs/msg/DockingInteractorFeedback.l
Symlinking /frontier_expo/frontier_exploration/devel/share/roseus/ros/yocs_msgs/srv/WaypointListService.l
Symlinking /frontier_expo/frontier_exploration/devel/share/common-lisp/ros/yocs_msgs/msg/DockingInteractorActionResult.lisp
Symlinking /frontier_expo/frontier_exploration/devel/share/common-lisp/ros/yocs_msgs/msg/_package_Wall.lisp
Symlinking /frontier_expo/frontier_exploration/devel/share/common-lisp/ros/yocs_msgs/msg/_package_NavigateToActionFeedback.lisp
Symlinking /frontier_expo/frontier_exploration/devel/share/common-lisp/ros/yocs_msgs/msg/LocalizeActionGoal.lisp
Symlinking /frontier_expo/frontier_exploration/devel/share/common-lisp/ros/yocs_msgs/msg/NavigationControlStatus.lisp
Symlinking /frontier_expo/frontier_exploration/devel/share/common-lisp/ros/yocs_msgs/msg/_package_Column.lisp
Symlinking /frontier_expo/frontier_exploration/devel/share/common-lisp/ros/yocs_msgs/msg/NavigateToGoal.lisp
Symlinking /frontier_expo/frontier_exploration/devel/share/common-lisp/ros/yocs_msgs/msg/Waypoint.lisp
Symlinking /frontier_expo/frontier_exploration/devel/share/common-lisp/ros/yocs_msgs/msg/_package_DockingInteractorFeedback.lisp
Symlinking /frontier_expo/frontier_exploration/devel/share/common-lisp/ros/yocs_msgs/msg/_package_DockingInteractorGoal.lisp
Symlinking /frontier_expo/frontier_exploration/devel/share/common-lisp/ros/yocs_msgs/msg/_package_LocalizeActionResult.lisp
Symlinking /frontier_expo/frontier_exploration/devel/share/common-lisp/ros/yocs_msgs/msg/LocalizeFeedback.lisp
Symlinking /frontier_expo/frontier_exploration/devel/share/common-lisp/ros/yocs_msgs/msg/_package_Trajectory.lisp
Symlinking /frontier_expo/frontier_exploration/devel/share/common-lisp/ros/yocs_msgs/msg/DockingInteractorFeedback.lisp
Symlinking /frontier_expo/frontier_exploration/devel/share/common-lisp/ros/yocs_msgs/msg/_package_Waypoint.lisp
Symlinking /frontier_expo/frontier_exploration/devel/share/common-lisp/ros/yocs_msgs/msg/TableList.lisp
Symlinking /frontier_expo/frontier_exploration/devel/share/common-lisp/ros/yocs_msgs/msg/DockingInteractorActionGoal.lisp
Symlinking /frontier_expo/frontier_exploration/devel/share/common-lisp/ros/yocs_msgs/msg/_package_ColumnList.lisp
Symlinking /frontier_expo/frontier_exploration/devel/share/common-lisp/ros/yocs_msgs/msg/_package_TrajectoryList.lisp
Symlinking /frontier_expo/frontier_exploration/devel/share/common-lisp/ros/yocs_msgs/msg/_package_NavigationControl.lisp
Symlinking /frontier_expo/frontier_exploration/devel/share/common-lisp/ros/yocs_msgs/msg/_package_NavigateToActionResult.lisp
Symlinking /frontier_expo/frontier_exploration/devel/share/common-lisp/ros/yocs_msgs/msg/LocalizeGoal.lisp
Symlinking /frontier_expo/frontier_exploration/devel/share/common-lisp/ros/yocs_msgs/msg/_package_NavigateToGoal.lisp
Symlinking /frontier_expo/frontier_exploration/devel/share/common-lisp/ros/yocs_msgs/msg/DockingInteractorGoal.lisp
Symlinking /frontier_expo/frontier_exploration/devel/share/common-lisp/ros/yocs_msgs/msg/LocalizeAction.lisp
Symlinking /frontier_expo/frontier_exploration/devel/share/common-lisp/ros/yocs_msgs/msg/_package_DockingInteractorAction.lisp
Symlinking /frontier_expo/frontier_exploration/devel/share/common-lisp/ros/yocs_msgs/msg/_package_ARPairList.lisp
Symlinking /frontier_expo/frontier_exploration/devel/share/common-lisp/ros/yocs_msgs/msg/_package_LocalizeResult.lisp
Symlinking /frontier_expo/frontier_exploration/devel/share/common-lisp/ros/yocs_msgs/msg/ARPair.lisp
Symlinking /frontier_expo/frontier_exploration/devel/share/common-lisp/ros/yocs_msgs/msg/_package_LocalizeActionGoal.lisp
Symlinking /frontier_expo/frontier_exploration/devel/share/common-lisp/ros/yocs_msgs/msg/_package_LocalizeAction.lisp
Symlinking /frontier_expo/frontier_exploration/devel/share/common-lisp/ros/yocs_msgs/msg/_package_NavigationControlStatus.lisp
Symlinking /frontier_expo/frontier_exploration/devel/share/common-lisp/ros/yocs_msgs/msg/_package_DockingInteractorActionGoal.lisp
Symlinking /frontier_expo/frontier_exploration/devel/share/common-lisp/ros/yocs_msgs/msg/NavigateToActionResult.lisp
Symlinking /frontier_expo/frontier_exploration/devel/share/common-lisp/ros/yocs_msgs/msg/MagicButton.lisp
Symlinking /frontier_expo/frontier_exploration/devel/share/common-lisp/ros/yocs_msgs/msg/LocalizeActionFeedback.lisp
Symlinking /frontier_expo/frontier_exploration/devel/share/common-lisp/ros/yocs_msgs/msg/NavigateToActionGoal.lisp
Symlinking /frontier_expo/frontier_exploration/devel/share/common-lisp/ros/yocs_msgs/msg/_package_NavigateToResult.lisp
Symlinking /frontier_expo/frontier_exploration/devel/share/common-lisp/ros/yocs_msgs/msg/yocs_msgs-msg.asd
Symlinking /frontier_expo/frontier_exploration/devel/share/common-lisp/ros/yocs_msgs/msg/NavigateToFeedback.lisp
Symlinking /frontier_expo/frontier_exploration/devel/share/common-lisp/ros/yocs_msgs/msg/Table.lisp
Symlinking /frontier_expo/frontier_exploration/devel/share/common-lisp/ros/yocs_msgs/msg/_package.lisp
Symlinking /frontier_expo/frontier_exploration/devel/share/common-lisp/ros/yocs_msgs/msg/_package_NavigateToAction.lisp
Symlinking /frontier_expo/frontier_exploration/devel/share/common-lisp/ros/yocs_msgs/msg/ARPairList.lisp
Symlinking /frontier_expo/frontier_exploration/devel/share/common-lisp/ros/yocs_msgs/msg/NavigateToAction.lisp
Symlinking /frontier_expo/frontier_exploration/devel/share/common-lisp/ros/yocs_msgs/msg/ColumnList.lisp
Symlinking /frontier_expo/frontier_exploration/devel/share/common-lisp/ros/yocs_msgs/msg/_package_LocalizeActionFeedback.lisp
Symlinking /frontier_expo/frontier_exploration/devel/share/common-lisp/ros/yocs_msgs/msg/LocalizeActionResult.lisp
Symlinking /frontier_expo/frontier_exploration/devel/share/common-lisp/ros/yocs_msgs/msg/NavigationControl.lisp
Symlinking /frontier_expo/frontier_exploration/devel/share/common-lisp/ros/yocs_msgs/msg/_package_MagicButton.lisp
Symlinking /frontier_expo/frontier_exploration/devel/share/common-lisp/ros/yocs_msgs/msg/_package_NavigateToFeedback.lisp
Symlinking /frontier_expo/frontier_exploration/devel/share/common-lisp/ros/yocs_msgs/msg/_package_TableList.lisp
Symlinking /frontier_expo/frontier_exploration/devel/share/common-lisp/ros/yocs_msgs/msg/LocalizeResult.lisp
Symlinking /frontier_expo/frontier_exploration/devel/share/common-lisp/ros/yocs_msgs/msg/DockingInteractorResult.lisp
Symlinking /frontier_expo/frontier_exploration/devel/share/common-lisp/ros/yocs_msgs/msg/_package_LocalizeFeedback.lisp
Symlinking /frontier_expo/frontier_exploration/devel/share/common-lisp/ros/yocs_msgs/msg/DockingInteractorAction.lisp
Symlinking /frontier_expo/frontier_exploration/devel/share/common-lisp/ros/yocs_msgs/msg/WaypointList.lisp
Symlinking /frontier_expo/frontier_exploration/devel/share/common-lisp/ros/yocs_msgs/msg/_package_DockingInteractorActionFeedback.lisp
Symlinking /frontier_expo/frontier_exploration/devel/share/common-lisp/ros/yocs_msgs/msg/_package_ARPair.lisp
Symlinking /frontier_expo/frontier_exploration/devel/share/common-lisp/ros/yocs_msgs/msg/_package_DockingInteractorActionResult.lisp
Symlinking /frontier_expo/frontier_exploration/devel/share/common-lisp/ros/yocs_msgs/msg/_package_WallList.lisp
Symlinking /frontier_expo/frontier_exploration/devel/share/common-lisp/ros/yocs_msgs/msg/_package_WaypointList.lisp
Symlinking /frontier_expo/frontier_exploration/devel/share/common-lisp/ros/yocs_msgs/msg/_package_Table.lisp
Symlinking /frontier_expo/frontier_exploration/devel/share/common-lisp/ros/yocs_msgs/msg/_package_DockingInteractorResult.lisp
Symlinking /frontier_expo/frontier_exploration/devel/share/common-lisp/ros/yocs_msgs/msg/DockingInteractorActionFeedback.lisp
Symlinking /frontier_expo/frontier_exploration/devel/share/common-lisp/ros/yocs_msgs/msg/NavigateToActionFeedback.lisp
Symlinking /frontier_expo/frontier_exploration/devel/share/common-lisp/ros/yocs_msgs/msg/Trajectory.lisp
Symlinking /frontier_expo/frontier_exploration/devel/share/common-lisp/ros/yocs_msgs/msg/NavigateToResult.lisp
Symlinking /frontier_expo/frontier_exploration/devel/share/common-lisp/ros/yocs_msgs/msg/WallList.lisp
Symlinking /frontier_expo/frontier_exploration/devel/share/common-lisp/ros/yocs_msgs/msg/Wall.lisp
Symlinking /frontier_expo/frontier_exploration/devel/share/common-lisp/ros/yocs_msgs/msg/_package_NavigateToActionGoal.lisp
Symlinking /frontier_expo/frontier_exploration/devel/share/common-lisp/ros/yocs_msgs/msg/Column.lisp
Symlinking /frontier_expo/frontier_exploration/devel/share/common-lisp/ros/yocs_msgs/msg/_package_LocalizeGoal.lisp
Symlinking /frontier_expo/frontier_exploration/devel/share/common-lisp/ros/yocs_msgs/msg/TrajectoryList.lisp
Symlinking /frontier_expo/frontier_exploration/devel/share/common-lisp/ros/yocs_msgs/srv/_package_WaypointListService.lisp
Symlinking /frontier_expo/frontier_exploration/devel/share/common-lisp/ros/yocs_msgs/srv/WaypointListService.lisp
Symlinking /frontier_expo/frontier_exploration/devel/share/common-lisp/ros/yocs_msgs/srv/yocs_msgs-srv.asd
Symlinking /frontier_expo/frontier_exploration/devel/share/common-lisp/ros/yocs_msgs/srv/_package.lisp
Symlinking /frontier_expo/frontier_exploration/devel/share/yocs_msgs/cmake/yocs_msgs-msg-paths.cmake
Symlinking /frontier_expo/frontier_exploration/devel/share/yocs_msgs/cmake/yocs_msgsConfig-version.cmake
Symlinking /frontier_expo/frontier_exploration/devel/share/yocs_msgs/cmake/yocs_msgs-msg-extras.cmake
Symlinking /frontier_expo/frontier_exploration/devel/share/yocs_msgs/cmake/yocs_msgsConfig.cmake
Symlinking /frontier_expo/frontier_exploration/devel/share/yocs_msgs/msg/DockingInteractorAction.msg
Symlinking /frontier_expo/frontier_exploration/devel/share/yocs_msgs/msg/NavigateToResult.msg
Symlinking /frontier_expo/frontier_exploration/devel/share/yocs_msgs/msg/LocalizeGoal.msg
Symlinking /frontier_expo/frontier_exploration/devel/share/yocs_msgs/msg/NavigateToActionResult.msg
Symlinking /frontier_expo/frontier_exploration/devel/share/yocs_msgs/msg/NavigateToAction.msg
Symlinking /frontier_expo/frontier_exploration/devel/share/yocs_msgs/msg/NavigateToActionGoal.msg
Symlinking /frontier_expo/frontier_exploration/devel/share/yocs_msgs/msg/NavigateToActionFeedback.msg
Symlinking /frontier_expo/frontier_exploration/devel/share/yocs_msgs/msg/DockingInteractorActionGoal.msg
Symlinking /frontier_expo/frontier_exploration/devel/share/yocs_msgs/msg/DockingInteractorResult.msg
Symlinking /frontier_expo/frontier_exploration/devel/share/yocs_msgs/msg/LocalizeFeedback.msg
Symlinking /frontier_expo/frontier_exploration/devel/share/yocs_msgs/msg/DockingInteractorFeedback.msg
Symlinking /frontier_expo/frontier_exploration/devel/share/yocs_msgs/msg/LocalizeActionResult.msg
Symlinking /frontier_expo/frontier_exploration/devel/share/yocs_msgs/msg/DockingInteractorGoal.msg
Symlinking /frontier_expo/frontier_exploration/devel/share/yocs_msgs/msg/DockingInteractorActionFeedback.msg
Symlinking /frontier_expo/frontier_exploration/devel/share/yocs_msgs/msg/DockingInteractorActionResult.msg
Symlinking /frontier_expo/frontier_exploration/devel/share/yocs_msgs/msg/LocalizeActionGoal.msg
Symlinking /frontier_expo/frontier_exploration/devel/share/yocs_msgs/msg/LocalizeActionFeedback.msg
Symlinking /frontier_expo/frontier_exploration/devel/share/yocs_msgs/msg/LocalizeAction.msg
Symlinking /frontier_expo/frontier_exploration/devel/share/yocs_msgs/msg/LocalizeResult.msg
Symlinking /frontier_expo/frontier_exploration/devel/share/yocs_msgs/msg/NavigateToGoal.msg
Symlinking /frontier_expo/frontier_exploration/devel/share/yocs_msgs/msg/NavigateToFeedback.msg
Symlinking /frontier_expo/frontier_exploration/devel/share/yocs_msgs/docs/JoystickConfig.wikidoc
Symlinking /frontier_expo/frontier_exploration/devel/share/yocs_msgs/docs/JoystickConfig-usage.dox
Symlinking /frontier_expo/frontier_exploration/devel/share/yocs_msgs/docs/JoystickConfig.dox
