Linked: (/frontier_expo/frontier_exploration/devel/.private/kobuki_msgs/include/kobuki_msgs/AutoDockingGoal.h, /frontier_expo/frontier_exploration/devel/include/kobuki_msgs/AutoDockingGoal.h)
Linked: (/frontier_expo/frontier_exploration/devel/.private/kobuki_msgs/include/kobuki_msgs/WheelDropEvent.h, /frontier_expo/frontier_exploration/devel/include/kobuki_msgs/WheelDropEvent.h)
Linked: (/frontier_expo/frontier_exploration/devel/.private/kobuki_msgs/include/kobuki_msgs/ControllerInfo.h, /frontier_expo/frontier_exploration/devel/include/kobuki_msgs/ControllerInfo.h)
Linked: (/frontier_expo/frontier_exploration/devel/.private/kobuki_msgs/include/kobuki_msgs/DigitalInputEvent.h, /frontier_expo/frontier_exploration/devel/include/kobuki_msgs/DigitalInputEvent.h)
Linked: (/frontier_expo/frontier_exploration/devel/.private/kobuki_msgs/include/kobuki_msgs/Sound.h, /frontier_expo/frontier_exploration/devel/include/kobuki_msgs/Sound.h)
Linked: (/frontier_expo/frontier_exploration/devel/.private/kobuki_msgs/include/kobuki_msgs/AutoDockingResult.h, /frontier_expo/frontier_exploration/devel/include/kobuki_msgs/AutoDockingResult.h)
Linked: (/frontier_expo/frontier_exploration/devel/.private/kobuki_msgs/include/kobuki_msgs/AutoDockingActionResult.h, /frontier_expo/frontier_exploration/devel/include/kobuki_msgs/AutoDockingActionResult.h)
Linked: (/frontier_expo/frontier_exploration/devel/.private/kobuki_msgs/include/kobuki_msgs/AutoDockingActionGoal.h, /frontier_expo/frontier_exploration/devel/include/kobuki_msgs/AutoDockingActionGoal.h)
Linked: (/frontier_expo/frontier_exploration/devel/.private/kobuki_msgs/include/kobuki_msgs/ButtonEvent.h, /frontier_expo/frontier_exploration/devel/include/kobuki_msgs/ButtonEvent.h)
Linked: (/frontier_expo/frontier_exploration/devel/.private/kobuki_msgs/include/kobuki_msgs/AutoDockingAction.h, /frontier_expo/frontier_exploration/devel/include/kobuki_msgs/AutoDockingAction.h)
Linked: (/frontier_expo/frontier_exploration/devel/.private/kobuki_msgs/include/kobuki_msgs/CliffEvent.h, /frontier_expo/frontier_exploration/devel/include/kobuki_msgs/CliffEvent.h)
Linked: (/frontier_expo/frontier_exploration/devel/.private/kobuki_msgs/include/kobuki_msgs/RobotStateEvent.h, /frontier_expo/frontier_exploration/devel/include/kobuki_msgs/RobotStateEvent.h)
Linked: (/frontier_expo/frontier_exploration/devel/.private/kobuki_msgs/include/kobuki_msgs/PowerSystemEvent.h, /frontier_expo/frontier_exploration/devel/include/kobuki_msgs/PowerSystemEvent.h)
Linked: (/frontier_expo/frontier_exploration/devel/.private/kobuki_msgs/include/kobuki_msgs/Led.h, /frontier_expo/frontier_exploration/devel/include/kobuki_msgs/Led.h)
Linked: (/frontier_expo/frontier_exploration/devel/.private/kobuki_msgs/include/kobuki_msgs/SensorState.h, /frontier_expo/frontier_exploration/devel/include/kobuki_msgs/SensorState.h)
Linked: (/frontier_expo/frontier_exploration/devel/.private/kobuki_msgs/include/kobuki_msgs/VersionInfo.h, /frontier_expo/frontier_exploration/devel/include/kobuki_msgs/VersionInfo.h)
Linked: (/frontier_expo/frontier_exploration/devel/.private/kobuki_msgs/include/kobuki_msgs/BumperEvent.h, /frontier_expo/frontier_exploration/devel/include/kobuki_msgs/BumperEvent.h)
Linked: (/frontier_expo/frontier_exploration/devel/.private/kobuki_msgs/include/kobuki_msgs/DockInfraRed.h, /frontier_expo/frontier_exploration/devel/include/kobuki_msgs/DockInfraRed.h)
Linked: (/frontier_expo/frontier_exploration/devel/.private/kobuki_msgs/include/kobuki_msgs/MotorPower.h, /frontier_expo/frontier_exploration/devel/include/kobuki_msgs/MotorPower.h)
Linked: (/frontier_expo/frontier_exploration/devel/.private/kobuki_msgs/include/kobuki_msgs/KeyboardInput.h, /frontier_expo/frontier_exploration/devel/include/kobuki_msgs/KeyboardInput.h)
Linked: (/frontier_expo/frontier_exploration/devel/.private/kobuki_msgs/include/kobuki_msgs/AutoDockingFeedback.h, /frontier_expo/frontier_exploration/devel/include/kobuki_msgs/AutoDockingFeedback.h)
Linked: (/frontier_expo/frontier_exploration/devel/.private/kobuki_msgs/include/kobuki_msgs/ScanAngle.h, /frontier_expo/frontier_exploration/devel/include/kobuki_msgs/ScanAngle.h)
Linked: (/frontier_expo/frontier_exploration/devel/.private/kobuki_msgs/include/kobuki_msgs/ExternalPower.h, /frontier_expo/frontier_exploration/devel/include/kobuki_msgs/ExternalPower.h)
Linked: (/frontier_expo/frontier_exploration/devel/.private/kobuki_msgs/include/kobuki_msgs/DigitalOutput.h, /frontier_expo/frontier_exploration/devel/include/kobuki_msgs/DigitalOutput.h)
Linked: (/frontier_expo/frontier_exploration/devel/.private/kobuki_msgs/include/kobuki_msgs/AutoDockingActionFeedback.h, /frontier_expo/frontier_exploration/devel/include/kobuki_msgs/AutoDockingActionFeedback.h)
Linked: (/frontier_expo/frontier_exploration/devel/.private/kobuki_msgs/lib/pkgconfig/kobuki_msgs.pc, /frontier_expo/frontier_exploration/devel/lib/pkgconfig/kobuki_msgs.pc)
Linked: (/frontier_expo/frontier_exploration/devel/.private/kobuki_msgs/lib/python3/dist-packages/kobuki_msgs/__init__.py, /frontier_expo/frontier_exploration/devel/lib/python3/dist-packages/kobuki_msgs/__init__.py)
Linked: (/frontier_expo/frontier_exploration/devel/.private/kobuki_msgs/lib/python3/dist-packages/kobuki_msgs/msg/_MotorPower.py, /frontier_expo/frontier_exploration/devel/lib/python3/dist-packages/kobuki_msgs/msg/_MotorPower.py)
Linked: (/frontier_expo/frontier_exploration/devel/.private/kobuki_msgs/lib/python3/dist-packages/kobuki_msgs/msg/_KeyboardInput.py, /frontier_expo/frontier_exploration/devel/lib/python3/dist-packages/kobuki_msgs/msg/_KeyboardInput.py)
Linked: (/frontier_expo/frontier_exploration/devel/.private/kobuki_msgs/lib/python3/dist-packages/kobuki_msgs/msg/_AutoDockingActionResult.py, /frontier_expo/frontier_exploration/devel/lib/python3/dist-packages/kobuki_msgs/msg/_AutoDockingActionResult.py)
Linked: (/frontier_expo/frontier_exploration/devel/.private/kobuki_msgs/lib/python3/dist-packages/kobuki_msgs/msg/_RobotStateEvent.py, /frontier_expo/frontier_exploration/devel/lib/python3/dist-packages/kobuki_msgs/msg/_RobotStateEvent.py)
Linked: (/frontier_expo/frontier_exploration/devel/.private/kobuki_msgs/lib/python3/dist-packages/kobuki_msgs/msg/_DockInfraRed.py, /frontier_expo/frontier_exploration/devel/lib/python3/dist-packages/kobuki_msgs/msg/_DockInfraRed.py)
Linked: (/frontier_expo/frontier_exploration/devel/.private/kobuki_msgs/lib/python3/dist-packages/kobuki_msgs/msg/__init__.py, /frontier_expo/frontier_exploration/devel/lib/python3/dist-packages/kobuki_msgs/msg/__init__.py)
Linked: (/frontier_expo/frontier_exploration/devel/.private/kobuki_msgs/lib/python3/dist-packages/kobuki_msgs/msg/_CliffEvent.py, /frontier_expo/frontier_exploration/devel/lib/python3/dist-packages/kobuki_msgs/msg/_CliffEvent.py)
Linked: (/frontier_expo/frontier_exploration/devel/.private/kobuki_msgs/lib/python3/dist-packages/kobuki_msgs/msg/_BumperEvent.py, /frontier_expo/frontier_exploration/devel/lib/python3/dist-packages/kobuki_msgs/msg/_BumperEvent.py)
Linked: (/frontier_expo/frontier_exploration/devel/.private/kobuki_msgs/lib/python3/dist-packages/kobuki_msgs/msg/_PowerSystemEvent.py, /frontier_expo/frontier_exploration/devel/lib/python3/dist-packages/kobuki_msgs/msg/_PowerSystemEvent.py)
Linked: (/frontier_expo/frontier_exploration/devel/.private/kobuki_msgs/lib/python3/dist-packages/kobuki_msgs/msg/_AutoDockingGoal.py, /frontier_expo/frontier_exploration/devel/lib/python3/dist-packages/kobuki_msgs/msg/_AutoDockingGoal.py)
Linked: (/frontier_expo/frontier_exploration/devel/.private/kobuki_msgs/lib/python3/dist-packages/kobuki_msgs/msg/_DigitalOutput.py, /frontier_expo/frontier_exploration/devel/lib/python3/dist-packages/kobuki_msgs/msg/_DigitalOutput.py)
Linked: (/frontier_expo/frontier_exploration/devel/.private/kobuki_msgs/lib/python3/dist-packages/kobuki_msgs/msg/_ScanAngle.py, /frontier_expo/frontier_exploration/devel/lib/python3/dist-packages/kobuki_msgs/msg/_ScanAngle.py)
Linked: (/frontier_expo/frontier_exploration/devel/.private/kobuki_msgs/lib/python3/dist-packages/kobuki_msgs/msg/_SensorState.py, /frontier_expo/frontier_exploration/devel/lib/python3/dist-packages/kobuki_msgs/msg/_SensorState.py)
Linked: (/frontier_expo/frontier_exploration/devel/.private/kobuki_msgs/lib/python3/dist-packages/kobuki_msgs/msg/_AutoDockingAction.py, /frontier_expo/frontier_exploration/devel/lib/python3/dist-packages/kobuki_msgs/msg/_AutoDockingAction.py)
Linked: (/frontier_expo/frontier_exploration/devel/.private/kobuki_msgs/lib/python3/dist-packages/kobuki_msgs/msg/_AutoDockingFeedback.py, /frontier_expo/frontier_exploration/devel/lib/python3/dist-packages/kobuki_msgs/msg/_AutoDockingFeedback.py)
Linked: (/frontier_expo/frontier_exploration/devel/.private/kobuki_msgs/lib/python3/dist-packages/kobuki_msgs/msg/_VersionInfo.py, /frontier_expo/frontier_exploration/devel/lib/python3/dist-packages/kobuki_msgs/msg/_VersionInfo.py)
Linked: (/frontier_expo/frontier_exploration/devel/.private/kobuki_msgs/lib/python3/dist-packages/kobuki_msgs/msg/_AutoDockingResult.py, /frontier_expo/frontier_exploration/devel/lib/python3/dist-packages/kobuki_msgs/msg/_AutoDockingResult.py)
Linked: (/frontier_expo/frontier_exploration/devel/.private/kobuki_msgs/lib/python3/dist-packages/kobuki_msgs/msg/_Sound.py, /frontier_expo/frontier_exploration/devel/lib/python3/dist-packages/kobuki_msgs/msg/_Sound.py)
Linked: (/frontier_expo/frontier_exploration/devel/.private/kobuki_msgs/lib/python3/dist-packages/kobuki_msgs/msg/_AutoDockingActionGoal.py, /frontier_expo/frontier_exploration/devel/lib/python3/dist-packages/kobuki_msgs/msg/_AutoDockingActionGoal.py)
Linked: (/frontier_expo/frontier_exploration/devel/.private/kobuki_msgs/lib/python3/dist-packages/kobuki_msgs/msg/_ExternalPower.py, /frontier_expo/frontier_exploration/devel/lib/python3/dist-packages/kobuki_msgs/msg/_ExternalPower.py)
Linked: (/frontier_expo/frontier_exploration/devel/.private/kobuki_msgs/lib/python3/dist-packages/kobuki_msgs/msg/_ControllerInfo.py, /frontier_expo/frontier_exploration/devel/lib/python3/dist-packages/kobuki_msgs/msg/_ControllerInfo.py)
Linked: (/frontier_expo/frontier_exploration/devel/.private/kobuki_msgs/lib/python3/dist-packages/kobuki_msgs/msg/_WheelDropEvent.py, /frontier_expo/frontier_exploration/devel/lib/python3/dist-packages/kobuki_msgs/msg/_WheelDropEvent.py)
Linked: (/frontier_expo/frontier_exploration/devel/.private/kobuki_msgs/lib/python3/dist-packages/kobuki_msgs/msg/_Led.py, /frontier_expo/frontier_exploration/devel/lib/python3/dist-packages/kobuki_msgs/msg/_Led.py)
Linked: (/frontier_expo/frontier_exploration/devel/.private/kobuki_msgs/lib/python3/dist-packages/kobuki_msgs/msg/_DigitalInputEvent.py, /frontier_expo/frontier_exploration/devel/lib/python3/dist-packages/kobuki_msgs/msg/_DigitalInputEvent.py)
Linked: (/frontier_expo/frontier_exploration/devel/.private/kobuki_msgs/lib/python3/dist-packages/kobuki_msgs/msg/_AutoDockingActionFeedback.py, /frontier_expo/frontier_exploration/devel/lib/python3/dist-packages/kobuki_msgs/msg/_AutoDockingActionFeedback.py)
Linked: (/frontier_expo/frontier_exploration/devel/.private/kobuki_msgs/lib/python3/dist-packages/kobuki_msgs/msg/_ButtonEvent.py, /frontier_expo/frontier_exploration/devel/lib/python3/dist-packages/kobuki_msgs/msg/_ButtonEvent.py)
Linked: (/frontier_expo/frontier_exploration/devel/.private/kobuki_msgs/share/gennodejs/ros/kobuki_msgs/_index.js, /frontier_expo/frontier_exploration/devel/share/gennodejs/ros/kobuki_msgs/_index.js)
Linked: (/frontier_expo/frontier_exploration/devel/.private/kobuki_msgs/share/gennodejs/ros/kobuki_msgs/msg/AutoDockingActionResult.js, /frontier_expo/frontier_exploration/devel/share/gennodejs/ros/kobuki_msgs/msg/AutoDockingActionResult.js)
Linked: (/frontier_expo/frontier_exploration/devel/.private/kobuki_msgs/share/gennodejs/ros/kobuki_msgs/msg/AutoDockingActionGoal.js, /frontier_expo/frontier_exploration/devel/share/gennodejs/ros/kobuki_msgs/msg/AutoDockingActionGoal.js)
Linked: (/frontier_expo/frontier_exploration/devel/.private/kobuki_msgs/share/gennodejs/ros/kobuki_msgs/msg/Sound.js, /frontier_expo/frontier_exploration/devel/share/gennodejs/ros/kobuki_msgs/msg/Sound.js)
Linked: (/frontier_expo/frontier_exploration/devel/.private/kobuki_msgs/share/gennodejs/ros/kobuki_msgs/msg/Led.js, /frontier_expo/frontier_exploration/devel/share/gennodejs/ros/kobuki_msgs/msg/Led.js)
Linked: (/frontier_expo/frontier_exploration/devel/.private/kobuki_msgs/share/gennodejs/ros/kobuki_msgs/msg/KeyboardInput.js, /frontier_expo/frontier_exploration/devel/share/gennodejs/ros/kobuki_msgs/msg/KeyboardInput.js)
Linked: (/frontier_expo/frontier_exploration/devel/.private/kobuki_msgs/share/gennodejs/ros/kobuki_msgs/msg/AutoDockingAction.js, /frontier_expo/frontier_exploration/devel/share/gennodejs/ros/kobuki_msgs/msg/AutoDockingAction.js)
Linked: (/frontier_expo/frontier_exploration/devel/.private/kobuki_msgs/share/gennodejs/ros/kobuki_msgs/msg/DockInfraRed.js, /frontier_expo/frontier_exploration/devel/share/gennodejs/ros/kobuki_msgs/msg/DockInfraRed.js)
Linked: (/frontier_expo/frontier_exploration/devel/.private/kobuki_msgs/share/gennodejs/ros/kobuki_msgs/msg/AutoDockingFeedback.js, /frontier_expo/frontier_exploration/devel/share/gennodejs/ros/kobuki_msgs/msg/AutoDockingFeedback.js)
Linked: (/frontier_expo/frontier_exploration/devel/.private/kobuki_msgs/share/gennodejs/ros/kobuki_msgs/msg/CliffEvent.js, /frontier_expo/frontier_exploration/devel/share/gennodejs/ros/kobuki_msgs/msg/CliffEvent.js)
Linked: (/frontier_expo/frontier_exploration/devel/.private/kobuki_msgs/share/gennodejs/ros/kobuki_msgs/msg/AutoDockingGoal.js, /frontier_expo/frontier_exploration/devel/share/gennodejs/ros/kobuki_msgs/msg/AutoDockingGoal.js)
Linked: (/frontier_expo/frontier_exploration/devel/.private/kobuki_msgs/share/gennodejs/ros/kobuki_msgs/msg/ScanAngle.js, /frontier_expo/frontier_exploration/devel/share/gennodejs/ros/kobuki_msgs/msg/ScanAngle.js)
Linked: (/frontier_expo/frontier_exploration/devel/.private/kobuki_msgs/share/gennodejs/ros/kobuki_msgs/msg/AutoDockingResult.js, /frontier_expo/frontier_exploration/devel/share/gennodejs/ros/kobuki_msgs/msg/AutoDockingResult.js)
Linked: (/frontier_expo/frontier_exploration/devel/.private/kobuki_msgs/share/gennodejs/ros/kobuki_msgs/msg/WheelDropEvent.js, /frontier_expo/frontier_exploration/devel/share/gennodejs/ros/kobuki_msgs/msg/WheelDropEvent.js)
Linked: (/frontier_expo/frontier_exploration/devel/.private/kobuki_msgs/share/gennodejs/ros/kobuki_msgs/msg/ControllerInfo.js, /frontier_expo/frontier_exploration/devel/share/gennodejs/ros/kobuki_msgs/msg/ControllerInfo.js)
Linked: (/frontier_expo/frontier_exploration/devel/.private/kobuki_msgs/share/gennodejs/ros/kobuki_msgs/msg/DigitalInputEvent.js, /frontier_expo/frontier_exploration/devel/share/gennodejs/ros/kobuki_msgs/msg/DigitalInputEvent.js)
Linked: (/frontier_expo/frontier_exploration/devel/.private/kobuki_msgs/share/gennodejs/ros/kobuki_msgs/msg/ExternalPower.js, /frontier_expo/frontier_exploration/devel/share/gennodejs/ros/kobuki_msgs/msg/ExternalPower.js)
Linked: (/frontier_expo/frontier_exploration/devel/.private/kobuki_msgs/share/gennodejs/ros/kobuki_msgs/msg/VersionInfo.js, /frontier_expo/frontier_exploration/devel/share/gennodejs/ros/kobuki_msgs/msg/VersionInfo.js)
Linked: (/frontier_expo/frontier_exploration/devel/.private/kobuki_msgs/share/gennodejs/ros/kobuki_msgs/msg/MotorPower.js, /frontier_expo/frontier_exploration/devel/share/gennodejs/ros/kobuki_msgs/msg/MotorPower.js)
Linked: (/frontier_expo/frontier_exploration/devel/.private/kobuki_msgs/share/gennodejs/ros/kobuki_msgs/msg/BumperEvent.js, /frontier_expo/frontier_exploration/devel/share/gennodejs/ros/kobuki_msgs/msg/BumperEvent.js)
Linked: (/frontier_expo/frontier_exploration/devel/.private/kobuki_msgs/share/gennodejs/ros/kobuki_msgs/msg/ButtonEvent.js, /frontier_expo/frontier_exploration/devel/share/gennodejs/ros/kobuki_msgs/msg/ButtonEvent.js)
Linked: (/frontier_expo/frontier_exploration/devel/.private/kobuki_msgs/share/gennodejs/ros/kobuki_msgs/msg/SensorState.js, /frontier_expo/frontier_exploration/devel/share/gennodejs/ros/kobuki_msgs/msg/SensorState.js)
Linked: (/frontier_expo/frontier_exploration/devel/.private/kobuki_msgs/share/gennodejs/ros/kobuki_msgs/msg/_index.js, /frontier_expo/frontier_exploration/devel/share/gennodejs/ros/kobuki_msgs/msg/_index.js)
Linked: (/frontier_expo/frontier_exploration/devel/.private/kobuki_msgs/share/gennodejs/ros/kobuki_msgs/msg/PowerSystemEvent.js, /frontier_expo/frontier_exploration/devel/share/gennodejs/ros/kobuki_msgs/msg/PowerSystemEvent.js)
Linked: (/frontier_expo/frontier_exploration/devel/.private/kobuki_msgs/share/gennodejs/ros/kobuki_msgs/msg/AutoDockingActionFeedback.js, /frontier_expo/frontier_exploration/devel/share/gennodejs/ros/kobuki_msgs/msg/AutoDockingActionFeedback.js)
Linked: (/frontier_expo/frontier_exploration/devel/.private/kobuki_msgs/share/gennodejs/ros/kobuki_msgs/msg/DigitalOutput.js, /frontier_expo/frontier_exploration/devel/share/gennodejs/ros/kobuki_msgs/msg/DigitalOutput.js)
Linked: (/frontier_expo/frontier_exploration/devel/.private/kobuki_msgs/share/gennodejs/ros/kobuki_msgs/msg/RobotStateEvent.js, /frontier_expo/frontier_exploration/devel/share/gennodejs/ros/kobuki_msgs/msg/RobotStateEvent.js)
Linked: (/frontier_expo/frontier_exploration/devel/.private/kobuki_msgs/share/roseus/ros/kobuki_msgs/manifest.l, /frontier_expo/frontier_exploration/devel/share/roseus/ros/kobuki_msgs/manifest.l)
Linked: (/frontier_expo/frontier_exploration/devel/.private/kobuki_msgs/share/roseus/ros/kobuki_msgs/msg/ButtonEvent.l, /frontier_expo/frontier_exploration/devel/share/roseus/ros/kobuki_msgs/msg/ButtonEvent.l)
Linked: (/frontier_expo/frontier_exploration/devel/.private/kobuki_msgs/share/roseus/ros/kobuki_msgs/msg/DigitalOutput.l, /frontier_expo/frontier_exploration/devel/share/roseus/ros/kobuki_msgs/msg/DigitalOutput.l)
Linked: (/frontier_expo/frontier_exploration/devel/.private/kobuki_msgs/share/roseus/ros/kobuki_msgs/msg/RobotStateEvent.l, /frontier_expo/frontier_exploration/devel/share/roseus/ros/kobuki_msgs/msg/RobotStateEvent.l)
Linked: (/frontier_expo/frontier_exploration/devel/.private/kobuki_msgs/share/roseus/ros/kobuki_msgs/msg/ControllerInfo.l, /frontier_expo/frontier_exploration/devel/share/roseus/ros/kobuki_msgs/msg/ControllerInfo.l)
Linked: (/frontier_expo/frontier_exploration/devel/.private/kobuki_msgs/share/roseus/ros/kobuki_msgs/msg/AutoDockingGoal.l, /frontier_expo/frontier_exploration/devel/share/roseus/ros/kobuki_msgs/msg/AutoDockingGoal.l)
Linked: (/frontier_expo/frontier_exploration/devel/.private/kobuki_msgs/share/roseus/ros/kobuki_msgs/msg/ScanAngle.l, /frontier_expo/frontier_exploration/devel/share/roseus/ros/kobuki_msgs/msg/ScanAngle.l)
Linked: (/frontier_expo/frontier_exploration/devel/.private/kobuki_msgs/share/roseus/ros/kobuki_msgs/msg/AutoDockingActionResult.l, /frontier_expo/frontier_exploration/devel/share/roseus/ros/kobuki_msgs/msg/AutoDockingActionResult.l)
Linked: (/frontier_expo/frontier_exploration/devel/.private/kobuki_msgs/share/roseus/ros/kobuki_msgs/msg/DockInfraRed.l, /frontier_expo/frontier_exploration/devel/share/roseus/ros/kobuki_msgs/msg/DockInfraRed.l)
Linked: (/frontier_expo/frontier_exploration/devel/.private/kobuki_msgs/share/roseus/ros/kobuki_msgs/msg/AutoDockingActionGoal.l, /frontier_expo/frontier_exploration/devel/share/roseus/ros/kobuki_msgs/msg/AutoDockingActionGoal.l)
Linked: (/frontier_expo/frontier_exploration/devel/.private/kobuki_msgs/share/roseus/ros/kobuki_msgs/msg/Led.l, /frontier_expo/frontier_exploration/devel/share/roseus/ros/kobuki_msgs/msg/Led.l)
Linked: (/frontier_expo/frontier_exploration/devel/.private/kobuki_msgs/share/roseus/ros/kobuki_msgs/msg/Sound.l, /frontier_expo/frontier_exploration/devel/share/roseus/ros/kobuki_msgs/msg/Sound.l)
Linked: (/frontier_expo/frontier_exploration/devel/.private/kobuki_msgs/share/roseus/ros/kobuki_msgs/msg/VersionInfo.l, /frontier_expo/frontier_exploration/devel/share/roseus/ros/kobuki_msgs/msg/VersionInfo.l)
Linked: (/frontier_expo/frontier_exploration/devel/.private/kobuki_msgs/share/roseus/ros/kobuki_msgs/msg/PowerSystemEvent.l, /frontier_expo/frontier_exploration/devel/share/roseus/ros/kobuki_msgs/msg/PowerSystemEvent.l)
Linked: (/frontier_expo/frontier_exploration/devel/.private/kobuki_msgs/share/roseus/ros/kobuki_msgs/msg/AutoDockingFeedback.l, /frontier_expo/frontier_exploration/devel/share/roseus/ros/kobuki_msgs/msg/AutoDockingFeedback.l)
Linked: (/frontier_expo/frontier_exploration/devel/.private/kobuki_msgs/share/roseus/ros/kobuki_msgs/msg/ExternalPower.l, /frontier_expo/frontier_exploration/devel/share/roseus/ros/kobuki_msgs/msg/ExternalPower.l)
Linked: (/frontier_expo/frontier_exploration/devel/.private/kobuki_msgs/share/roseus/ros/kobuki_msgs/msg/DigitalInputEvent.l, /frontier_expo/frontier_exploration/devel/share/roseus/ros/kobuki_msgs/msg/DigitalInputEvent.l)
Linked: (/frontier_expo/frontier_exploration/devel/.private/kobuki_msgs/share/roseus/ros/kobuki_msgs/msg/AutoDockingAction.l, /frontier_expo/frontier_exploration/devel/share/roseus/ros/kobuki_msgs/msg/AutoDockingAction.l)
Linked: (/frontier_expo/frontier_exploration/devel/.private/kobuki_msgs/share/roseus/ros/kobuki_msgs/msg/BumperEvent.l, /frontier_expo/frontier_exploration/devel/share/roseus/ros/kobuki_msgs/msg/BumperEvent.l)
Linked: (/frontier_expo/frontier_exploration/devel/.private/kobuki_msgs/share/roseus/ros/kobuki_msgs/msg/SensorState.l, /frontier_expo/frontier_exploration/devel/share/roseus/ros/kobuki_msgs/msg/SensorState.l)
Linked: (/frontier_expo/frontier_exploration/devel/.private/kobuki_msgs/share/roseus/ros/kobuki_msgs/msg/WheelDropEvent.l, /frontier_expo/frontier_exploration/devel/share/roseus/ros/kobuki_msgs/msg/WheelDropEvent.l)
Linked: (/frontier_expo/frontier_exploration/devel/.private/kobuki_msgs/share/roseus/ros/kobuki_msgs/msg/KeyboardInput.l, /frontier_expo/frontier_exploration/devel/share/roseus/ros/kobuki_msgs/msg/KeyboardInput.l)
Linked: (/frontier_expo/frontier_exploration/devel/.private/kobuki_msgs/share/roseus/ros/kobuki_msgs/msg/MotorPower.l, /frontier_expo/frontier_exploration/devel/share/roseus/ros/kobuki_msgs/msg/MotorPower.l)
Linked: (/frontier_expo/frontier_exploration/devel/.private/kobuki_msgs/share/roseus/ros/kobuki_msgs/msg/AutoDockingResult.l, /frontier_expo/frontier_exploration/devel/share/roseus/ros/kobuki_msgs/msg/AutoDockingResult.l)
Linked: (/frontier_expo/frontier_exploration/devel/.private/kobuki_msgs/share/roseus/ros/kobuki_msgs/msg/AutoDockingActionFeedback.l, /frontier_expo/frontier_exploration/devel/share/roseus/ros/kobuki_msgs/msg/AutoDockingActionFeedback.l)
Linked: (/frontier_expo/frontier_exploration/devel/.private/kobuki_msgs/share/roseus/ros/kobuki_msgs/msg/CliffEvent.l, /frontier_expo/frontier_exploration/devel/share/roseus/ros/kobuki_msgs/msg/CliffEvent.l)
Linked: (/frontier_expo/frontier_exploration/devel/.private/kobuki_msgs/share/common-lisp/ros/kobuki_msgs/msg/ScanAngle.lisp, /frontier_expo/frontier_exploration/devel/share/common-lisp/ros/kobuki_msgs/msg/ScanAngle.lisp)
Linked: (/frontier_expo/frontier_exploration/devel/.private/kobuki_msgs/share/common-lisp/ros/kobuki_msgs/msg/_package_ScanAngle.lisp, /frontier_expo/frontier_exploration/devel/share/common-lisp/ros/kobuki_msgs/msg/_package_ScanAngle.lisp)
Linked: (/frontier_expo/frontier_exploration/devel/.private/kobuki_msgs/share/common-lisp/ros/kobuki_msgs/msg/PowerSystemEvent.lisp, /frontier_expo/frontier_exploration/devel/share/common-lisp/ros/kobuki_msgs/msg/PowerSystemEvent.lisp)
Linked: (/frontier_expo/frontier_exploration/devel/.private/kobuki_msgs/share/common-lisp/ros/kobuki_msgs/msg/_package_CliffEvent.lisp, /frontier_expo/frontier_exploration/devel/share/common-lisp/ros/kobuki_msgs/msg/_package_CliffEvent.lisp)
Linked: (/frontier_expo/frontier_exploration/devel/.private/kobuki_msgs/share/common-lisp/ros/kobuki_msgs/msg/ControllerInfo.lisp, /frontier_expo/frontier_exploration/devel/share/common-lisp/ros/kobuki_msgs/msg/ControllerInfo.lisp)
Linked: (/frontier_expo/frontier_exploration/devel/.private/kobuki_msgs/share/common-lisp/ros/kobuki_msgs/msg/_package_ExternalPower.lisp, /frontier_expo/frontier_exploration/devel/share/common-lisp/ros/kobuki_msgs/msg/_package_ExternalPower.lisp)
Linked: (/frontier_expo/frontier_exploration/devel/.private/kobuki_msgs/share/common-lisp/ros/kobuki_msgs/msg/BumperEvent.lisp, /frontier_expo/frontier_exploration/devel/share/common-lisp/ros/kobuki_msgs/msg/BumperEvent.lisp)
Linked: (/frontier_expo/frontier_exploration/devel/.private/kobuki_msgs/share/common-lisp/ros/kobuki_msgs/msg/_package_AutoDockingActionFeedback.lisp, /frontier_expo/frontier_exploration/devel/share/common-lisp/ros/kobuki_msgs/msg/_package_AutoDockingActionFeedback.lisp)
Linked: (/frontier_expo/frontier_exploration/devel/.private/kobuki_msgs/share/common-lisp/ros/kobuki_msgs/msg/_package_ControllerInfo.lisp, /frontier_expo/frontier_exploration/devel/share/common-lisp/ros/kobuki_msgs/msg/_package_ControllerInfo.lisp)
Linked: (/frontier_expo/frontier_exploration/devel/.private/kobuki_msgs/share/common-lisp/ros/kobuki_msgs/msg/KeyboardInput.lisp, /frontier_expo/frontier_exploration/devel/share/common-lisp/ros/kobuki_msgs/msg/KeyboardInput.lisp)
Linked: (/frontier_expo/frontier_exploration/devel/.private/kobuki_msgs/share/common-lisp/ros/kobuki_msgs/msg/Led.lisp, /frontier_expo/frontier_exploration/devel/share/common-lisp/ros/kobuki_msgs/msg/Led.lisp)
Linked: (/frontier_expo/frontier_exploration/devel/.private/kobuki_msgs/share/common-lisp/ros/kobuki_msgs/msg/_package_DockInfraRed.lisp, /frontier_expo/frontier_exploration/devel/share/common-lisp/ros/kobuki_msgs/msg/_package_DockInfraRed.lisp)
Linked: (/frontier_expo/frontier_exploration/devel/.private/kobuki_msgs/share/common-lisp/ros/kobuki_msgs/msg/_package_VersionInfo.lisp, /frontier_expo/frontier_exploration/devel/share/common-lisp/ros/kobuki_msgs/msg/_package_VersionInfo.lisp)
Linked: (/frontier_expo/frontier_exploration/devel/.private/kobuki_msgs/share/common-lisp/ros/kobuki_msgs/msg/_package_KeyboardInput.lisp, /frontier_expo/frontier_exploration/devel/share/common-lisp/ros/kobuki_msgs/msg/_package_KeyboardInput.lisp)
Linked: (/frontier_expo/frontier_exploration/devel/.private/kobuki_msgs/share/common-lisp/ros/kobuki_msgs/msg/_package_AutoDockingGoal.lisp, /frontier_expo/frontier_exploration/devel/share/common-lisp/ros/kobuki_msgs/msg/_package_AutoDockingGoal.lisp)
Linked: (/frontier_expo/frontier_exploration/devel/.private/kobuki_msgs/share/common-lisp/ros/kobuki_msgs/msg/_package_DigitalInputEvent.lisp, /frontier_expo/frontier_exploration/devel/share/common-lisp/ros/kobuki_msgs/msg/_package_DigitalInputEvent.lisp)
Linked: (/frontier_expo/frontier_exploration/devel/.private/kobuki_msgs/share/common-lisp/ros/kobuki_msgs/msg/_package_AutoDockingFeedback.lisp, /frontier_expo/frontier_exploration/devel/share/common-lisp/ros/kobuki_msgs/msg/_package_AutoDockingFeedback.lisp)
Linked: (/frontier_expo/frontier_exploration/devel/.private/kobuki_msgs/share/common-lisp/ros/kobuki_msgs/msg/_package_ButtonEvent.lisp, /frontier_expo/frontier_exploration/devel/share/common-lisp/ros/kobuki_msgs/msg/_package_ButtonEvent.lisp)
Linked: (/frontier_expo/frontier_exploration/devel/.private/kobuki_msgs/share/common-lisp/ros/kobuki_msgs/msg/_package_WheelDropEvent.lisp, /frontier_expo/frontier_exploration/devel/share/common-lisp/ros/kobuki_msgs/msg/_package_WheelDropEvent.lisp)
Linked: (/frontier_expo/frontier_exploration/devel/.private/kobuki_msgs/share/common-lisp/ros/kobuki_msgs/msg/WheelDropEvent.lisp, /frontier_expo/frontier_exploration/devel/share/common-lisp/ros/kobuki_msgs/msg/WheelDropEvent.lisp)
Linked: (/frontier_expo/frontier_exploration/devel/.private/kobuki_msgs/share/common-lisp/ros/kobuki_msgs/msg/kobuki_msgs-msg.asd, /frontier_expo/frontier_exploration/devel/share/common-lisp/ros/kobuki_msgs/msg/kobuki_msgs-msg.asd)
Linked: (/frontier_expo/frontier_exploration/devel/.private/kobuki_msgs/share/common-lisp/ros/kobuki_msgs/msg/_package_MotorPower.lisp, /frontier_expo/frontier_exploration/devel/share/common-lisp/ros/kobuki_msgs/msg/_package_MotorPower.lisp)
Linked: (/frontier_expo/frontier_exploration/devel/.private/kobuki_msgs/share/common-lisp/ros/kobuki_msgs/msg/AutoDockingAction.lisp, /frontier_expo/frontier_exploration/devel/share/common-lisp/ros/kobuki_msgs/msg/AutoDockingAction.lisp)
Linked: (/frontier_expo/frontier_exploration/devel/.private/kobuki_msgs/share/common-lisp/ros/kobuki_msgs/msg/AutoDockingActionFeedback.lisp, /frontier_expo/frontier_exploration/devel/share/common-lisp/ros/kobuki_msgs/msg/AutoDockingActionFeedback.lisp)
Linked: (/frontier_expo/frontier_exploration/devel/.private/kobuki_msgs/share/common-lisp/ros/kobuki_msgs/msg/_package_SensorState.lisp, /frontier_expo/frontier_exploration/devel/share/common-lisp/ros/kobuki_msgs/msg/_package_SensorState.lisp)
Linked: (/frontier_expo/frontier_exploration/devel/.private/kobuki_msgs/share/common-lisp/ros/kobuki_msgs/msg/ButtonEvent.lisp, /frontier_expo/frontier_exploration/devel/share/common-lisp/ros/kobuki_msgs/msg/ButtonEvent.lisp)
Linked: (/frontier_expo/frontier_exploration/devel/.private/kobuki_msgs/share/common-lisp/ros/kobuki_msgs/msg/AutoDockingGoal.lisp, /frontier_expo/frontier_exploration/devel/share/common-lisp/ros/kobuki_msgs/msg/AutoDockingGoal.lisp)
Linked: (/frontier_expo/frontier_exploration/devel/.private/kobuki_msgs/share/common-lisp/ros/kobuki_msgs/msg/_package.lisp, /frontier_expo/frontier_exploration/devel/share/common-lisp/ros/kobuki_msgs/msg/_package.lisp)
Linked: (/frontier_expo/frontier_exploration/devel/.private/kobuki_msgs/share/common-lisp/ros/kobuki_msgs/msg/_package_AutoDockingResult.lisp, /frontier_expo/frontier_exploration/devel/share/common-lisp/ros/kobuki_msgs/msg/_package_AutoDockingResult.lisp)
Linked: (/frontier_expo/frontier_exploration/devel/.private/kobuki_msgs/share/common-lisp/ros/kobuki_msgs/msg/AutoDockingActionGoal.lisp, /frontier_expo/frontier_exploration/devel/share/common-lisp/ros/kobuki_msgs/msg/AutoDockingActionGoal.lisp)
Linked: (/frontier_expo/frontier_exploration/devel/.private/kobuki_msgs/share/common-lisp/ros/kobuki_msgs/msg/_package_AutoDockingActionResult.lisp, /frontier_expo/frontier_exploration/devel/share/common-lisp/ros/kobuki_msgs/msg/_package_AutoDockingActionResult.lisp)
Linked: (/frontier_expo/frontier_exploration/devel/.private/kobuki_msgs/share/common-lisp/ros/kobuki_msgs/msg/ExternalPower.lisp, /frontier_expo/frontier_exploration/devel/share/common-lisp/ros/kobuki_msgs/msg/ExternalPower.lisp)
Linked: (/frontier_expo/frontier_exploration/devel/.private/kobuki_msgs/share/common-lisp/ros/kobuki_msgs/msg/AutoDockingResult.lisp, /frontier_expo/frontier_exploration/devel/share/common-lisp/ros/kobuki_msgs/msg/AutoDockingResult.lisp)
Linked: (/frontier_expo/frontier_exploration/devel/.private/kobuki_msgs/share/common-lisp/ros/kobuki_msgs/msg/_package_RobotStateEvent.lisp, /frontier_expo/frontier_exploration/devel/share/common-lisp/ros/kobuki_msgs/msg/_package_RobotStateEvent.lisp)
Linked: (/frontier_expo/frontier_exploration/devel/.private/kobuki_msgs/share/common-lisp/ros/kobuki_msgs/msg/_package_Sound.lisp, /frontier_expo/frontier_exploration/devel/share/common-lisp/ros/kobuki_msgs/msg/_package_Sound.lisp)
Linked: (/frontier_expo/frontier_exploration/devel/.private/kobuki_msgs/share/common-lisp/ros/kobuki_msgs/msg/DigitalOutput.lisp, /frontier_expo/frontier_exploration/devel/share/common-lisp/ros/kobuki_msgs/msg/DigitalOutput.lisp)
Linked: (/frontier_expo/frontier_exploration/devel/.private/kobuki_msgs/share/common-lisp/ros/kobuki_msgs/msg/DockInfraRed.lisp, /frontier_expo/frontier_exploration/devel/share/common-lisp/ros/kobuki_msgs/msg/DockInfraRed.lisp)
Linked: (/frontier_expo/frontier_exploration/devel/.private/kobuki_msgs/share/common-lisp/ros/kobuki_msgs/msg/RobotStateEvent.lisp, /frontier_expo/frontier_exploration/devel/share/common-lisp/ros/kobuki_msgs/msg/RobotStateEvent.lisp)
Linked: (/frontier_expo/frontier_exploration/devel/.private/kobuki_msgs/share/common-lisp/ros/kobuki_msgs/msg/AutoDockingFeedback.lisp, /frontier_expo/frontier_exploration/devel/share/common-lisp/ros/kobuki_msgs/msg/AutoDockingFeedback.lisp)
Linked: (/frontier_expo/frontier_exploration/devel/.private/kobuki_msgs/share/common-lisp/ros/kobuki_msgs/msg/CliffEvent.lisp, /frontier_expo/frontier_exploration/devel/share/common-lisp/ros/kobuki_msgs/msg/CliffEvent.lisp)
Linked: (/frontier_expo/frontier_exploration/devel/.private/kobuki_msgs/share/common-lisp/ros/kobuki_msgs/msg/_package_Led.lisp, /frontier_expo/frontier_exploration/devel/share/common-lisp/ros/kobuki_msgs/msg/_package_Led.lisp)
Linked: (/frontier_expo/frontier_exploration/devel/.private/kobuki_msgs/share/common-lisp/ros/kobuki_msgs/msg/_package_PowerSystemEvent.lisp, /frontier_expo/frontier_exploration/devel/share/common-lisp/ros/kobuki_msgs/msg/_package_PowerSystemEvent.lisp)
Linked: (/frontier_expo/frontier_exploration/devel/.private/kobuki_msgs/share/common-lisp/ros/kobuki_msgs/msg/_package_AutoDockingActionGoal.lisp, /frontier_expo/frontier_exploration/devel/share/common-lisp/ros/kobuki_msgs/msg/_package_AutoDockingActionGoal.lisp)
Linked: (/frontier_expo/frontier_exploration/devel/.private/kobuki_msgs/share/common-lisp/ros/kobuki_msgs/msg/_package_AutoDockingAction.lisp, /frontier_expo/frontier_exploration/devel/share/common-lisp/ros/kobuki_msgs/msg/_package_AutoDockingAction.lisp)
Linked: (/frontier_expo/frontier_exploration/devel/.private/kobuki_msgs/share/common-lisp/ros/kobuki_msgs/msg/SensorState.lisp, /frontier_expo/frontier_exploration/devel/share/common-lisp/ros/kobuki_msgs/msg/SensorState.lisp)
Linked: (/frontier_expo/frontier_exploration/devel/.private/kobuki_msgs/share/common-lisp/ros/kobuki_msgs/msg/_package_DigitalOutput.lisp, /frontier_expo/frontier_exploration/devel/share/common-lisp/ros/kobuki_msgs/msg/_package_DigitalOutput.lisp)
Linked: (/frontier_expo/frontier_exploration/devel/.private/kobuki_msgs/share/common-lisp/ros/kobuki_msgs/msg/_package_BumperEvent.lisp, /frontier_expo/frontier_exploration/devel/share/common-lisp/ros/kobuki_msgs/msg/_package_BumperEvent.lisp)
Linked: (/frontier_expo/frontier_exploration/devel/.private/kobuki_msgs/share/common-lisp/ros/kobuki_msgs/msg/VersionInfo.lisp, /frontier_expo/frontier_exploration/devel/share/common-lisp/ros/kobuki_msgs/msg/VersionInfo.lisp)
Linked: (/frontier_expo/frontier_exploration/devel/.private/kobuki_msgs/share/common-lisp/ros/kobuki_msgs/msg/MotorPower.lisp, /frontier_expo/frontier_exploration/devel/share/common-lisp/ros/kobuki_msgs/msg/MotorPower.lisp)
Linked: (/frontier_expo/frontier_exploration/devel/.private/kobuki_msgs/share/common-lisp/ros/kobuki_msgs/msg/DigitalInputEvent.lisp, /frontier_expo/frontier_exploration/devel/share/common-lisp/ros/kobuki_msgs/msg/DigitalInputEvent.lisp)
Linked: (/frontier_expo/frontier_exploration/devel/.private/kobuki_msgs/share/common-lisp/ros/kobuki_msgs/msg/AutoDockingActionResult.lisp, /frontier_expo/frontier_exploration/devel/share/common-lisp/ros/kobuki_msgs/msg/AutoDockingActionResult.lisp)
Linked: (/frontier_expo/frontier_exploration/devel/.private/kobuki_msgs/share/common-lisp/ros/kobuki_msgs/msg/Sound.lisp, /frontier_expo/frontier_exploration/devel/share/common-lisp/ros/kobuki_msgs/msg/Sound.lisp)
Linked: (/frontier_expo/frontier_exploration/devel/.private/kobuki_msgs/share/kobuki_msgs/cmake/kobuki_msgsConfig.cmake, /frontier_expo/frontier_exploration/devel/share/kobuki_msgs/cmake/kobuki_msgsConfig.cmake)
Linked: (/frontier_expo/frontier_exploration/devel/.private/kobuki_msgs/share/kobuki_msgs/cmake/kobuki_msgs-msg-extras.cmake, /frontier_expo/frontier_exploration/devel/share/kobuki_msgs/cmake/kobuki_msgs-msg-extras.cmake)
Linked: (/frontier_expo/frontier_exploration/devel/.private/kobuki_msgs/share/kobuki_msgs/cmake/kobuki_msgs-msg-paths.cmake, /frontier_expo/frontier_exploration/devel/share/kobuki_msgs/cmake/kobuki_msgs-msg-paths.cmake)
Linked: (/frontier_expo/frontier_exploration/devel/.private/kobuki_msgs/share/kobuki_msgs/cmake/kobuki_msgsConfig-version.cmake, /frontier_expo/frontier_exploration/devel/share/kobuki_msgs/cmake/kobuki_msgsConfig-version.cmake)
Linked: (/frontier_expo/frontier_exploration/devel/.private/kobuki_msgs/share/kobuki_msgs/msg/AutoDockingResult.msg, /frontier_expo/frontier_exploration/devel/share/kobuki_msgs/msg/AutoDockingResult.msg)
Linked: (/frontier_expo/frontier_exploration/devel/.private/kobuki_msgs/share/kobuki_msgs/msg/AutoDockingFeedback.msg, /frontier_expo/frontier_exploration/devel/share/kobuki_msgs/msg/AutoDockingFeedback.msg)
Linked: (/frontier_expo/frontier_exploration/devel/.private/kobuki_msgs/share/kobuki_msgs/msg/AutoDockingGoal.msg, /frontier_expo/frontier_exploration/devel/share/kobuki_msgs/msg/AutoDockingGoal.msg)
Linked: (/frontier_expo/frontier_exploration/devel/.private/kobuki_msgs/share/kobuki_msgs/msg/AutoDockingActionFeedback.msg, /frontier_expo/frontier_exploration/devel/share/kobuki_msgs/msg/AutoDockingActionFeedback.msg)
Linked: (/frontier_expo/frontier_exploration/devel/.private/kobuki_msgs/share/kobuki_msgs/msg/AutoDockingActionGoal.msg, /frontier_expo/frontier_exploration/devel/share/kobuki_msgs/msg/AutoDockingActionGoal.msg)
Linked: (/frontier_expo/frontier_exploration/devel/.private/kobuki_msgs/share/kobuki_msgs/msg/AutoDockingAction.msg, /frontier_expo/frontier_exploration/devel/share/kobuki_msgs/msg/AutoDockingAction.msg)
Linked: (/frontier_expo/frontier_exploration/devel/.private/kobuki_msgs/share/kobuki_msgs/msg/AutoDockingActionResult.msg, /frontier_expo/frontier_exploration/devel/share/kobuki_msgs/msg/AutoDockingActionResult.msg)
