[35m[1mScanning dependencies of target _gazebo_ros_battery_generate_messages_check_deps_SetTemperature[0m
[35m[1mScanning dependencies of target std_msgs_generate_messages_nodejs[0m
[35m[1mScanning dependencies of target bond_generate_messages_py[0m
[35m[1mScanning dependencies of target _gazebo_ros_battery_generate_messages_check_deps_SetCharge[0m
[35m[1mScanning dependencies of target _gazebo_ros_battery_generate_messages_check_deps_Reset[0m
[35m[1mScanning dependencies of target std_msgs_generate_messages_py[0m
[  0%] Built target std_msgs_generate_messages_py
[  0%] Built target std_msgs_generate_messages_nodejs
[  0%] Built target bond_generate_messages_py
[35m[1mScanning dependencies of target std_msgs_generate_messages_eus[0m
[35m[1mScanning dependencies of target std_msgs_generate_messages_cpp[0m
[35m[1mScanning dependencies of target std_msgs_generate_messages_lisp[0m
[  0%] Built target std_msgs_generate_messages_eus
[  0%] Built target std_msgs_generate_messages_cpp
[  0%] Built target std_msgs_generate_messages_lisp
[  0%] Built target _gazebo_ros_battery_generate_messages_check_deps_Reset
[  0%] Built target _gazebo_ros_battery_generate_messages_check_deps_SetCharge
[35m[1mScanning dependencies of target roscpp_generate_messages_cpp[0m
[35m[1mScanning dependencies of target sensor_msgs_generate_messages_eus[0m
[  0%] Built target _gazebo_ros_battery_generate_messages_check_deps_SetTemperature
[35m[1mScanning dependencies of target sensor_msgs_generate_messages_lisp[0m
[35m[1mScanning dependencies of target geometry_msgs_generate_messages_py[0m
[35m[1mScanning dependencies of target bond_generate_messages_lisp[0m
[35m[1mScanning dependencies of target sensor_msgs_generate_messages_py[0m
[  0%] Built target sensor_msgs_generate_messages_eus
[  0%] Built target roscpp_generate_messages_cpp
[  0%] Built target geometry_msgs_generate_messages_py
[  0%] Built target sensor_msgs_generate_messages_lisp
[  0%] Built target bond_generate_messages_lisp
[35m[1mScanning dependencies of target geometry_msgs_generate_messages_eus[0m
[  0%] Built target sensor_msgs_generate_messages_py
[35m[1mScanning dependencies of target gazebo_msgs_generate_messages_nodejs[0m
[35m[1mScanning dependencies of target geometry_msgs_generate_messages_cpp[0m
[35m[1mScanning dependencies of target trajectory_msgs_generate_messages_nodejs[0m
[35m[1mScanning dependencies of target trajectory_msgs_generate_messages_lisp[0m
[  0%] Built target geometry_msgs_generate_messages_eus
[35m[1mScanning dependencies of target nodelet_generate_messages_eus[0m
[  0%] Built target trajectory_msgs_generate_messages_nodejs
[  0%] Built target trajectory_msgs_generate_messages_lisp
[  0%] Built target gazebo_msgs_generate_messages_nodejs
[  0%] Built target geometry_msgs_generate_messages_cpp
[35m[1mScanning dependencies of target sensor_msgs_generate_messages_cpp[0m
[  0%] Built target nodelet_generate_messages_eus
[35m[1mScanning dependencies of target roscpp_generate_messages_lisp[0m
[35m[1mScanning dependencies of target nodelet_generate_messages_lisp[0m
[35m[1mScanning dependencies of target gazebo_msgs_generate_messages_cpp[0m
[  0%] Built target sensor_msgs_generate_messages_cpp
[35m[1mScanning dependencies of target _catkin_empty_exported_target[0m
[  0%] Built target roscpp_generate_messages_lisp
[  0%] Built target gazebo_msgs_generate_messages_cpp
[35m[1mScanning dependencies of target rosgraph_msgs_generate_messages_py[0m
[  0%] Built target nodelet_generate_messages_lisp
[35m[1mScanning dependencies of target rosgraph_msgs_generate_messages_lisp[0m
[  0%] Built target _catkin_empty_exported_target
[  0%] Built target rosgraph_msgs_generate_messages_py
[35m[1mScanning dependencies of target std_srvs_generate_messages_cpp[0m
[35m[1mScanning dependencies of target gazebo_msgs_generate_messages_py[0m
[  0%] Built target rosgraph_msgs_generate_messages_lisp
[35m[1mScanning dependencies of target trajectory_msgs_generate_messages_cpp[0m
[35m[1mScanning dependencies of target geometry_msgs_generate_messages_nodejs[0m
[  0%] Built target gazebo_msgs_generate_messages_py
[  0%] Built target std_srvs_generate_messages_cpp
[35m[1mScanning dependencies of target gazebo_msgs_generate_messages_eus[0m
[35m[1mScanning dependencies of target geometry_msgs_generate_messages_lisp[0m
[  0%] Built target trajectory_msgs_generate_messages_cpp
[  0%] Built target geometry_msgs_generate_messages_nodejs
[35m[1mScanning dependencies of target sensor_msgs_generate_messages_nodejs[0m
[  0%] Built target geometry_msgs_generate_messages_lisp
[  0%] Built target gazebo_msgs_generate_messages_eus
[35m[1mScanning dependencies of target gazebo_msgs_generate_messages_lisp[0m
[  0%] Built target sensor_msgs_generate_messages_nodejs
[35m[1mScanning dependencies of target std_srvs_generate_messages_lisp[0m
[35m[1mScanning dependencies of target std_srvs_generate_messages_eus[0m
[35m[1mScanning dependencies of target bond_generate_messages_eus[0m
[35m[1mScanning dependencies of target bond_generate_messages_cpp[0m
[  0%] Built target gazebo_msgs_generate_messages_lisp
[35m[1mScanning dependencies of target rosgraph_msgs_generate_messages_eus[0m
[  0%] Built target std_srvs_generate_messages_eus
[  0%] Built target bond_generate_messages_eus
[  0%] Built target std_srvs_generate_messages_lisp
[  0%] Built target bond_generate_messages_cpp
[35m[1mScanning dependencies of target std_srvs_generate_messages_py[0m
[35m[1mScanning dependencies of target trajectory_msgs_generate_messages_py[0m
[  0%] Built target rosgraph_msgs_generate_messages_eus
[35m[1mScanning dependencies of target rosgraph_msgs_generate_messages_cpp[0m
[35m[1mScanning dependencies of target roscpp_generate_messages_eus[0m
[35m[1mScanning dependencies of target roscpp_generate_messages_nodejs[0m
[  0%] Built target std_srvs_generate_messages_py
[  0%] Built target rosgraph_msgs_generate_messages_cpp
[  0%] Built target trajectory_msgs_generate_messages_py
[35m[1mScanning dependencies of target trajectory_msgs_generate_messages_eus[0m
[  0%] Built target roscpp_generate_messages_eus
[35m[1mScanning dependencies of target roscpp_generate_messages_py[0m
[  0%] Built target roscpp_generate_messages_nodejs
[  0%] Built target trajectory_msgs_generate_messages_eus
[35m[1mScanning dependencies of target nodelet_generate_messages_cpp[0m
[35m[1mScanning dependencies of target rosgraph_msgs_generate_messages_nodejs[0m
[35m[1mScanning dependencies of target nodelet_generate_messages_nodejs[0m
[  0%] Built target nodelet_generate_messages_cpp
[35m[1mScanning dependencies of target std_srvs_generate_messages_nodejs[0m
[  0%] Built target rosgraph_msgs_generate_messages_nodejs
[35m[1mScanning dependencies of target bond_generate_messages_nodejs[0m
[  0%] Built target nodelet_generate_messages_nodejs
[  0%] Built target roscpp_generate_messages_py
[  0%] Built target std_srvs_generate_messages_nodejs
[35m[1mScanning dependencies of target nodelet_generate_messages_py[0m
[  0%] Built target bond_generate_messages_nodejs
[35m[1mScanning dependencies of target gazebo_ros_battery_generate_messages_lisp[0m
[35m[1mScanning dependencies of target gazebo_ros_battery_generate_messages_nodejs[0m
[35m[1mScanning dependencies of target gazebo_ros_battery_generate_messages_py[0m
[35m[1mScanning dependencies of target gazebo_ros_battery_generate_messages_cpp[0m
[  0%] Built target nodelet_generate_messages_py
[35m[1mScanning dependencies of target gazebo_ros_battery_generate_messages_eus[0m
[  5%] [34m[1mGenerating Lisp code from gazebo_ros_battery/Reset.srv[0m
[ 10%] [34m[1mGenerating Javascript code from gazebo_ros_battery/Reset.srv[0m
[ 15%] [34m[1mGenerating Python code from SRV gazebo_ros_battery/Reset[0m
[ 21%] [34m[1mGenerating Javascript code from gazebo_ros_battery/SetCharge.srv[0m
[ 26%] [34m[1mGenerating C++ code from gazebo_ros_battery/Reset.srv[0m
[ 31%] [34m[1mGenerating EusLisp code from gazebo_ros_battery/Reset.srv[0m
[ 36%] [34m[1mGenerating C++ code from gazebo_ros_battery/SetCharge.srv[0m
[ 42%] [34m[1mGenerating Python code from SRV gazebo_ros_battery/SetCharge[0m
[ 47%] [34m[1mGenerating Javascript code from gazebo_ros_battery/SetTemperature.srv[0m
[ 52%] [34m[1mGenerating Lisp code from gazebo_ros_battery/SetCharge.srv[0m
[ 52%] Built target gazebo_ros_battery_generate_messages_nodejs
[ 57%] [34m[1mGenerating EusLisp code from gazebo_ros_battery/SetCharge.srv[0m
[ 63%] [34m[1mGenerating EusLisp code from gazebo_ros_battery/SetTemperature.srv[0m
[ 68%] [34m[1mGenerating Lisp code from gazebo_ros_battery/SetTemperature.srv[0m
[ 68%] Built target gazebo_ros_battery_generate_messages_lisp
[ 73%] [34m[1mGenerating Python code from SRV gazebo_ros_battery/SetTemperature[0m
[ 78%] [34m[1mGenerating EusLisp manifest code for gazebo_ros_battery[0m
[ 84%] [34m[1mGenerating C++ code from gazebo_ros_battery/SetTemperature.srv[0m
[ 89%] [34m[1mGenerating Python srv __init__.py for gazebo_ros_battery[0m
[ 89%] Built target gazebo_ros_battery_generate_messages_cpp
[ 89%] Built target gazebo_ros_battery_generate_messages_py
[ 89%] Built target gazebo_ros_battery_generate_messages_eus
[35m[1mScanning dependencies of target gazebo_ros_battery_generate_messages[0m
[35m[1mScanning dependencies of target gazebo_ros_battery[0m
[ 89%] Built target gazebo_ros_battery_generate_messages
[ 94%] [32mBuilding CXX object CMakeFiles/gazebo_ros_battery.dir/src/gazebo_ros_battery.cpp.o[0m
[100%] [32m[1mLinking CXX shared library /frontier_expo/frontier_exploration/devel/.private/gazebo_ros_battery/lib/libgazebo_ros_battery.so[0m
[100%] Built target gazebo_ros_battery
