Linked: (/home/ekin/frontier_exploration/devel/.private/gazebo_ros_battery/lib/libgazebo_ros_battery.so, /home/ekin/frontier_exploration/devel/lib/libgazebo_ros_battery.so)
Linked: (/home/ekin/frontier_exploration/devel/.private/gazebo_ros_battery/lib/python3/dist-packages/gazebo_ros_battery/__init__.py, /home/ekin/frontier_exploration/devel/lib/python3/dist-packages/gazebo_ros_battery/__init__.py)
Linked: (/home/ekin/frontier_exploration/devel/.private/gazebo_ros_battery/lib/python3/dist-packages/gazebo_ros_battery/srv/_SetTemperature.py, /home/ekin/frontier_exploration/devel/lib/python3/dist-packages/gazebo_ros_battery/srv/_SetTemperature.py)
Linked: (/home/ekin/frontier_exploration/devel/.private/gazebo_ros_battery/lib/python3/dist-packages/gazebo_ros_battery/srv/_Reset.py, /home/ekin/frontier_exploration/devel/lib/python3/dist-packages/gazebo_ros_battery/srv/_Reset.py)
Linked: (/home/ekin/frontier_exploration/devel/.private/gazebo_ros_battery/lib/python3/dist-packages/gazebo_ros_battery/srv/__init__.py, /home/ekin/frontier_exploration/devel/lib/python3/dist-packages/gazebo_ros_battery/srv/__init__.py)
Linked: (/home/ekin/frontier_exploration/devel/.private/gazebo_ros_battery/lib/python3/dist-packages/gazebo_ros_battery/srv/_SetCharge.py, /home/ekin/frontier_exploration/devel/lib/python3/dist-packages/gazebo_ros_battery/srv/_SetCharge.py)
Linked: (/home/ekin/frontier_exploration/devel/.private/gazebo_ros_battery/lib/pkgconfig/gazebo_ros_battery.pc, /home/ekin/frontier_exploration/devel/lib/pkgconfig/gazebo_ros_battery.pc)
Linked: (/home/ekin/frontier_exploration/devel/.private/gazebo_ros_battery/include/gazebo_ros_battery/Reset.h, /home/ekin/frontier_exploration/devel/include/gazebo_ros_battery/Reset.h)
Linked: (/home/ekin/frontier_exploration/devel/.private/gazebo_ros_battery/include/gazebo_ros_battery/SetTemperatureRequest.h, /home/ekin/frontier_exploration/devel/include/gazebo_ros_battery/SetTemperatureRequest.h)
Linked: (/home/ekin/frontier_exploration/devel/.private/gazebo_ros_battery/include/gazebo_ros_battery/SetTemperature.h, /home/ekin/frontier_exploration/devel/include/gazebo_ros_battery/SetTemperature.h)
Linked: (/home/ekin/frontier_exploration/devel/.private/gazebo_ros_battery/include/gazebo_ros_battery/SetChargeRequest.h, /home/ekin/frontier_exploration/devel/include/gazebo_ros_battery/SetChargeRequest.h)
Linked: (/home/ekin/frontier_exploration/devel/.private/gazebo_ros_battery/include/gazebo_ros_battery/SetTemperatureResponse.h, /home/ekin/frontier_exploration/devel/include/gazebo_ros_battery/SetTemperatureResponse.h)
Linked: (/home/ekin/frontier_exploration/devel/.private/gazebo_ros_battery/include/gazebo_ros_battery/SetCharge.h, /home/ekin/frontier_exploration/devel/include/gazebo_ros_battery/SetCharge.h)
Linked: (/home/ekin/frontier_exploration/devel/.private/gazebo_ros_battery/include/gazebo_ros_battery/ResetResponse.h, /home/ekin/frontier_exploration/devel/include/gazebo_ros_battery/ResetResponse.h)
Linked: (/home/ekin/frontier_exploration/devel/.private/gazebo_ros_battery/include/gazebo_ros_battery/ResetRequest.h, /home/ekin/frontier_exploration/devel/include/gazebo_ros_battery/ResetRequest.h)
Linked: (/home/ekin/frontier_exploration/devel/.private/gazebo_ros_battery/include/gazebo_ros_battery/SetChargeResponse.h, /home/ekin/frontier_exploration/devel/include/gazebo_ros_battery/SetChargeResponse.h)
Linked: (/home/ekin/frontier_exploration/devel/.private/gazebo_ros_battery/share/common-lisp/ros/gazebo_ros_battery/srv/gazebo_ros_battery-srv.asd, /home/ekin/frontier_exploration/devel/share/common-lisp/ros/gazebo_ros_battery/srv/gazebo_ros_battery-srv.asd)
Linked: (/home/ekin/frontier_exploration/devel/.private/gazebo_ros_battery/share/common-lisp/ros/gazebo_ros_battery/srv/_package_SetCharge.lisp, /home/ekin/frontier_exploration/devel/share/common-lisp/ros/gazebo_ros_battery/srv/_package_SetCharge.lisp)
Linked: (/home/ekin/frontier_exploration/devel/.private/gazebo_ros_battery/share/common-lisp/ros/gazebo_ros_battery/srv/_package_SetTemperature.lisp, /home/ekin/frontier_exploration/devel/share/common-lisp/ros/gazebo_ros_battery/srv/_package_SetTemperature.lisp)
Linked: (/home/ekin/frontier_exploration/devel/.private/gazebo_ros_battery/share/common-lisp/ros/gazebo_ros_battery/srv/_package.lisp, /home/ekin/frontier_exploration/devel/share/common-lisp/ros/gazebo_ros_battery/srv/_package.lisp)
Linked: (/home/ekin/frontier_exploration/devel/.private/gazebo_ros_battery/share/common-lisp/ros/gazebo_ros_battery/srv/Reset.lisp, /home/ekin/frontier_exploration/devel/share/common-lisp/ros/gazebo_ros_battery/srv/Reset.lisp)
Linked: (/home/ekin/frontier_exploration/devel/.private/gazebo_ros_battery/share/common-lisp/ros/gazebo_ros_battery/srv/SetCharge.lisp, /home/ekin/frontier_exploration/devel/share/common-lisp/ros/gazebo_ros_battery/srv/SetCharge.lisp)
Linked: (/home/ekin/frontier_exploration/devel/.private/gazebo_ros_battery/share/common-lisp/ros/gazebo_ros_battery/srv/_package_Reset.lisp, /home/ekin/frontier_exploration/devel/share/common-lisp/ros/gazebo_ros_battery/srv/_package_Reset.lisp)
Linked: (/home/ekin/frontier_exploration/devel/.private/gazebo_ros_battery/share/common-lisp/ros/gazebo_ros_battery/srv/SetTemperature.lisp, /home/ekin/frontier_exploration/devel/share/common-lisp/ros/gazebo_ros_battery/srv/SetTemperature.lisp)
Linked: (/home/ekin/frontier_exploration/devel/.private/gazebo_ros_battery/share/gazebo_ros_battery/cmake/gazebo_ros_battery-msg-paths.cmake, /home/ekin/frontier_exploration/devel/share/gazebo_ros_battery/cmake/gazebo_ros_battery-msg-paths.cmake)
Linked: (/home/ekin/frontier_exploration/devel/.private/gazebo_ros_battery/share/gazebo_ros_battery/cmake/gazebo_ros_batteryConfig-version.cmake, /home/ekin/frontier_exploration/devel/share/gazebo_ros_battery/cmake/gazebo_ros_batteryConfig-version.cmake)
Linked: (/home/ekin/frontier_exploration/devel/.private/gazebo_ros_battery/share/gazebo_ros_battery/cmake/gazebo_ros_batteryConfig.cmake, /home/ekin/frontier_exploration/devel/share/gazebo_ros_battery/cmake/gazebo_ros_batteryConfig.cmake)
Linked: (/home/ekin/frontier_exploration/devel/.private/gazebo_ros_battery/share/gazebo_ros_battery/cmake/gazebo_ros_battery-msg-extras.cmake, /home/ekin/frontier_exploration/devel/share/gazebo_ros_battery/cmake/gazebo_ros_battery-msg-extras.cmake)
Linked: (/home/ekin/frontier_exploration/devel/.private/gazebo_ros_battery/share/roseus/ros/gazebo_ros_battery/manifest.l, /home/ekin/frontier_exploration/devel/share/roseus/ros/gazebo_ros_battery/manifest.l)
Linked: (/home/ekin/frontier_exploration/devel/.private/gazebo_ros_battery/share/roseus/ros/gazebo_ros_battery/srv/SetCharge.l, /home/ekin/frontier_exploration/devel/share/roseus/ros/gazebo_ros_battery/srv/SetCharge.l)
Linked: (/home/ekin/frontier_exploration/devel/.private/gazebo_ros_battery/share/roseus/ros/gazebo_ros_battery/srv/SetTemperature.l, /home/ekin/frontier_exploration/devel/share/roseus/ros/gazebo_ros_battery/srv/SetTemperature.l)
Linked: (/home/ekin/frontier_exploration/devel/.private/gazebo_ros_battery/share/roseus/ros/gazebo_ros_battery/srv/Reset.l, /home/ekin/frontier_exploration/devel/share/roseus/ros/gazebo_ros_battery/srv/Reset.l)
Linked: (/home/ekin/frontier_exploration/devel/.private/gazebo_ros_battery/share/gennodejs/ros/gazebo_ros_battery/_index.js, /home/ekin/frontier_exploration/devel/share/gennodejs/ros/gazebo_ros_battery/_index.js)
Linked: (/home/ekin/frontier_exploration/devel/.private/gazebo_ros_battery/share/gennodejs/ros/gazebo_ros_battery/srv/_index.js, /home/ekin/frontier_exploration/devel/share/gennodejs/ros/gazebo_ros_battery/srv/_index.js)
Linked: (/home/ekin/frontier_exploration/devel/.private/gazebo_ros_battery/share/gennodejs/ros/gazebo_ros_battery/srv/Reset.js, /home/ekin/frontier_exploration/devel/share/gennodejs/ros/gazebo_ros_battery/srv/Reset.js)
Linked: (/home/ekin/frontier_exploration/devel/.private/gazebo_ros_battery/share/gennodejs/ros/gazebo_ros_battery/srv/SetTemperature.js, /home/ekin/frontier_exploration/devel/share/gennodejs/ros/gazebo_ros_battery/srv/SetTemperature.js)
Linked: (/home/ekin/frontier_exploration/devel/.private/gazebo_ros_battery/share/gennodejs/ros/gazebo_ros_battery/srv/SetCharge.js, /home/ekin/frontier_exploration/devel/share/gennodejs/ros/gazebo_ros_battery/srv/SetCharge.js)
