Symlinking /home/ekin/frontier_exploration/devel/lib/libgazebo_ros_battery.so
Symlinking /home/ekin/frontier_exploration/devel/lib/python3/dist-packages/gazebo_ros_battery/__init__.py
Symlinking /home/ekin/frontier_exploration/devel/lib/python3/dist-packages/gazebo_ros_battery/srv/_SetTemperature.py
Symlinking /home/ekin/frontier_exploration/devel/lib/python3/dist-packages/gazebo_ros_battery/srv/_Reset.py
Symlinking /home/ekin/frontier_exploration/devel/lib/python3/dist-packages/gazebo_ros_battery/srv/__init__.py
Symlinking /home/ekin/frontier_exploration/devel/lib/python3/dist-packages/gazebo_ros_battery/srv/_SetCharge.py
Symlinking /home/ekin/frontier_exploration/devel/lib/pkgconfig/gazebo_ros_battery.pc
Symlinking /home/ekin/frontier_exploration/devel/include/gazebo_ros_battery/Reset.h
Symlinking /home/ekin/frontier_exploration/devel/include/gazebo_ros_battery/SetTemperatureRequest.h
Symlinking /home/ekin/frontier_exploration/devel/include/gazebo_ros_battery/SetTemperature.h
Symlinking /home/ekin/frontier_exploration/devel/include/gazebo_ros_battery/SetChargeRequest.h
Symlinking /home/ekin/frontier_exploration/devel/include/gazebo_ros_battery/SetTemperatureResponse.h
Symlinking /home/ekin/frontier_exploration/devel/include/gazebo_ros_battery/SetCharge.h
Symlinking /home/ekin/frontier_exploration/devel/include/gazebo_ros_battery/ResetResponse.h
Symlinking /home/ekin/frontier_exploration/devel/include/gazebo_ros_battery/ResetRequest.h
Symlinking /home/ekin/frontier_exploration/devel/include/gazebo_ros_battery/SetChargeResponse.h
Symlinking /home/ekin/frontier_exploration/devel/share/common-lisp/ros/gazebo_ros_battery/srv/gazebo_ros_battery-srv.asd
Symlinking /home/ekin/frontier_exploration/devel/share/common-lisp/ros/gazebo_ros_battery/srv/_package_SetCharge.lisp
Symlinking /home/ekin/frontier_exploration/devel/share/common-lisp/ros/gazebo_ros_battery/srv/_package_SetTemperature.lisp
Symlinking /home/ekin/frontier_exploration/devel/share/common-lisp/ros/gazebo_ros_battery/srv/_package.lisp
Symlinking /home/ekin/frontier_exploration/devel/share/common-lisp/ros/gazebo_ros_battery/srv/Reset.lisp
Symlinking /home/ekin/frontier_exploration/devel/share/common-lisp/ros/gazebo_ros_battery/srv/SetCharge.lisp
Symlinking /home/ekin/frontier_exploration/devel/share/common-lisp/ros/gazebo_ros_battery/srv/_package_Reset.lisp
Symlinking /home/ekin/frontier_exploration/devel/share/common-lisp/ros/gazebo_ros_battery/srv/SetTemperature.lisp
Symlinking /home/ekin/frontier_exploration/devel/share/gazebo_ros_battery/cmake/gazebo_ros_battery-msg-paths.cmake
Symlinking /home/ekin/frontier_exploration/devel/share/gazebo_ros_battery/cmake/gazebo_ros_batteryConfig-version.cmake
Symlinking /home/ekin/frontier_exploration/devel/share/gazebo_ros_battery/cmake/gazebo_ros_batteryConfig.cmake
Symlinking /home/ekin/frontier_exploration/devel/share/gazebo_ros_battery/cmake/gazebo_ros_battery-msg-extras.cmake
Symlinking /home/ekin/frontier_exploration/devel/share/roseus/ros/gazebo_ros_battery/manifest.l
Symlinking /home/ekin/frontier_exploration/devel/share/roseus/ros/gazebo_ros_battery/srv/SetCharge.l
Symlinking /home/ekin/frontier_exploration/devel/share/roseus/ros/gazebo_ros_battery/srv/SetTemperature.l
Symlinking /home/ekin/frontier_exploration/devel/share/roseus/ros/gazebo_ros_battery/srv/Reset.l
Symlinking /home/ekin/frontier_exploration/devel/share/gennodejs/ros/gazebo_ros_battery/_index.js
Symlinking /home/ekin/frontier_exploration/devel/share/gennodejs/ros/gazebo_ros_battery/srv/_index.js
Symlinking /home/ekin/frontier_exploration/devel/share/gennodejs/ros/gazebo_ros_battery/srv/Reset.js
Symlinking /home/ekin/frontier_exploration/devel/share/gennodejs/ros/gazebo_ros_battery/srv/SetTemperature.js
Symlinking /home/ekin/frontier_exploration/devel/share/gennodejs/ros/gazebo_ros_battery/srv/SetCharge.js
