[  0%] Built target bond_generate_messages_py
[  0%] Built target _gazebo_ros_battery_generate_messages_check_deps_Reset
[  0%] Built target std_msgs_generate_messages_py
[  0%] Built target _gazebo_ros_battery_generate_messages_check_deps_SetTemperature
[  0%] Built target _gazebo_ros_battery_generate_messages_check_deps_SetCharge
[  0%] Built target std_msgs_generate_messages_nodejs
[  0%] Built target std_msgs_generate_messages_lisp
[  0%] Built target std_msgs_generate_messages_eus
[  0%] Built target std_msgs_generate_messages_cpp
[  0%] Built target roscpp_generate_messages_cpp
[  0%] Built target sensor_msgs_generate_messages_eus
[  0%] Built target sensor_msgs_generate_messages_lisp
[  0%] Built target bond_generate_messages_lisp
[  0%] Built target geometry_msgs_generate_messages_py
[  0%] Built target sensor_msgs_generate_messages_py
[  0%] Built target geometry_msgs_generate_messages_eus
[  0%] Built target geometry_msgs_generate_messages_cpp
[  0%] Built target trajectory_msgs_generate_messages_lisp
[  0%] Built target trajectory_msgs_generate_messages_nodejs
[  0%] Built target gazebo_msgs_generate_messages_nodejs
[  0%] Built target nodelet_generate_messages_eus
[  0%] Built target sensor_msgs_generate_messages_cpp
[  0%] Built target nodelet_generate_messages_lisp
[  0%] Built target _catkin_empty_exported_target
[  0%] Built target roscpp_generate_messages_lisp
[  0%] Built target gazebo_msgs_generate_messages_cpp
[  0%] Built target rosgraph_msgs_generate_messages_lisp
[  0%] Built target rosgraph_msgs_generate_messages_py
[  0%] Built target gazebo_msgs_generate_messages_py
[  0%] Built target std_srvs_generate_messages_cpp
[  0%] Built target trajectory_msgs_generate_messages_cpp
[  0%] Built target geometry_msgs_generate_messages_nodejs
[  0%] Built target gazebo_msgs_generate_messages_eus
[  0%] Built target geometry_msgs_generate_messages_lisp
[  0%] Built target sensor_msgs_generate_messages_nodejs
[  0%] Built target gazebo_msgs_generate_messages_lisp
[  0%] Built target bond_generate_messages_cpp
[  0%] Built target std_srvs_generate_messages_eus
[  0%] Built target bond_generate_messages_eus
[  0%] Built target std_srvs_generate_messages_lisp
[  0%] Built target rosgraph_msgs_generate_messages_eus
[  0%] Built target std_srvs_generate_messages_py
[  0%] Built target trajectory_msgs_generate_messages_py
[  0%] Built target rosgraph_msgs_generate_messages_cpp
[  0%] Built target roscpp_generate_messages_eus
[  0%] Built target roscpp_generate_messages_nodejs
[  0%] Built target trajectory_msgs_generate_messages_eus
[  0%] Built target roscpp_generate_messages_py
[  0%] Built target rosgraph_msgs_generate_messages_nodejs
[  0%] Built target nodelet_generate_messages_cpp
[  0%] Built target nodelet_generate_messages_nodejs
[  0%] Built target bond_generate_messages_nodejs
[  0%] Built target std_srvs_generate_messages_nodejs
[  0%] Built target nodelet_generate_messages_py
[ 21%] Built target gazebo_ros_battery_generate_messages_py
[ 36%] Built target gazebo_ros_battery_generate_messages_nodejs
[ 52%] Built target gazebo_ros_battery_generate_messages_lisp
[ 73%] Built target gazebo_ros_battery_generate_messages_eus
[ 89%] Built target gazebo_ros_battery_generate_messages_cpp
[35m[1mScanning dependencies of target gazebo_ros_battery[0m
[ 94%] [32mBuilding CXX object CMakeFiles/gazebo_ros_battery.dir/src/gazebo_ros_battery.cpp.o[0m
[ 94%] Built target gazebo_ros_battery_generate_messages
[100%] [32m[1mLinking CXX shared library /home/ekin/frontier_exploration/devel/.private/gazebo_ros_battery/lib/libgazebo_ros_battery.so[0m
[100%] Built target gazebo_ros_battery
