Linked: (/home/ekin/frontier_exploration/devel/.private/rosbot_ekf/lib/python3/dist-packages/rosbot_ekf/__init__.py, /home/ekin/frontier_exploration/devel/lib/python3/dist-packages/rosbot_ekf/__init__.py)
Linked: (/home/ekin/frontier_exploration/devel/.private/rosbot_ekf/lib/python3/dist-packages/rosbot_ekf/srv/__init__.py, /home/ekin/frontier_exploration/devel/lib/python3/dist-packages/rosbot_ekf/srv/__init__.py)
Linked: (/home/ekin/frontier_exploration/devel/.private/rosbot_ekf/lib/python3/dist-packages/rosbot_ekf/srv/_Configuration.py, /home/ekin/frontier_exploration/devel/lib/python3/dist-packages/rosbot_ekf/srv/_Configuration.py)
Linked: (/home/ekin/frontier_exploration/devel/.private/rosbot_ekf/lib/pkgconfig/rosbot_ekf.pc, /home/ekin/frontier_exploration/devel/lib/pkgconfig/rosbot_ekf.pc)
Linked: (/home/ekin/frontier_exploration/devel/.private/rosbot_ekf/lib/rosbot_ekf/msgs_conversion, /home/ekin/frontier_exploration/devel/lib/rosbot_ekf/msgs_conversion)
Linked: (/home/ekin/frontier_exploration/devel/.private/rosbot_ekf/lib/rosbot_ekf/move_base_ws2812b_example, /home/ekin/frontier_exploration/devel/lib/rosbot_ekf/move_base_ws2812b_example)
Linked: (/home/ekin/frontier_exploration/devel/.private/rosbot_ekf/lib/rosbot_ekf/cmd_vel_ws2812b_example, /home/ekin/frontier_exploration/devel/lib/rosbot_ekf/cmd_vel_ws2812b_example)
Linked: (/home/ekin/frontier_exploration/devel/.private/rosbot_ekf/include/rosbot_ekf/ConfigurationRequest.h, /home/ekin/frontier_exploration/devel/include/rosbot_ekf/ConfigurationRequest.h)
Linked: (/home/ekin/frontier_exploration/devel/.private/rosbot_ekf/include/rosbot_ekf/ConfigurationResponse.h, /home/ekin/frontier_exploration/devel/include/rosbot_ekf/ConfigurationResponse.h)
Linked: (/home/ekin/frontier_exploration/devel/.private/rosbot_ekf/include/rosbot_ekf/Configuration.h, /home/ekin/frontier_exploration/devel/include/rosbot_ekf/Configuration.h)
Linked: (/home/ekin/frontier_exploration/devel/.private/rosbot_ekf/share/common-lisp/ros/rosbot_ekf/srv/Configuration.lisp, /home/ekin/frontier_exploration/devel/share/common-lisp/ros/rosbot_ekf/srv/Configuration.lisp)
Linked: (/home/ekin/frontier_exploration/devel/.private/rosbot_ekf/share/common-lisp/ros/rosbot_ekf/srv/rosbot_ekf-srv.asd, /home/ekin/frontier_exploration/devel/share/common-lisp/ros/rosbot_ekf/srv/rosbot_ekf-srv.asd)
Linked: (/home/ekin/frontier_exploration/devel/.private/rosbot_ekf/share/common-lisp/ros/rosbot_ekf/srv/_package.lisp, /home/ekin/frontier_exploration/devel/share/common-lisp/ros/rosbot_ekf/srv/_package.lisp)
Linked: (/home/ekin/frontier_exploration/devel/.private/rosbot_ekf/share/common-lisp/ros/rosbot_ekf/srv/_package_Configuration.lisp, /home/ekin/frontier_exploration/devel/share/common-lisp/ros/rosbot_ekf/srv/_package_Configuration.lisp)
Linked: (/home/ekin/frontier_exploration/devel/.private/rosbot_ekf/share/rosbot_ekf/cmake/rosbot_ekf-msg-extras.cmake, /home/ekin/frontier_exploration/devel/share/rosbot_ekf/cmake/rosbot_ekf-msg-extras.cmake)
Linked: (/home/ekin/frontier_exploration/devel/.private/rosbot_ekf/share/rosbot_ekf/cmake/rosbot_ekfConfig-version.cmake, /home/ekin/frontier_exploration/devel/share/rosbot_ekf/cmake/rosbot_ekfConfig-version.cmake)
Linked: (/home/ekin/frontier_exploration/devel/.private/rosbot_ekf/share/rosbot_ekf/cmake/rosbot_ekfConfig.cmake, /home/ekin/frontier_exploration/devel/share/rosbot_ekf/cmake/rosbot_ekfConfig.cmake)
Linked: (/home/ekin/frontier_exploration/devel/.private/rosbot_ekf/share/rosbot_ekf/cmake/rosbot_ekf-msg-paths.cmake, /home/ekin/frontier_exploration/devel/share/rosbot_ekf/cmake/rosbot_ekf-msg-paths.cmake)
Linked: (/home/ekin/frontier_exploration/devel/.private/rosbot_ekf/share/roseus/ros/rosbot_ekf/manifest.l, /home/ekin/frontier_exploration/devel/share/roseus/ros/rosbot_ekf/manifest.l)
Linked: (/home/ekin/frontier_exploration/devel/.private/rosbot_ekf/share/roseus/ros/rosbot_ekf/srv/Configuration.l, /home/ekin/frontier_exploration/devel/share/roseus/ros/rosbot_ekf/srv/Configuration.l)
Linked: (/home/ekin/frontier_exploration/devel/.private/rosbot_ekf/share/gennodejs/ros/rosbot_ekf/_index.js, /home/ekin/frontier_exploration/devel/share/gennodejs/ros/rosbot_ekf/_index.js)
Linked: (/home/ekin/frontier_exploration/devel/.private/rosbot_ekf/share/gennodejs/ros/rosbot_ekf/srv/_index.js, /home/ekin/frontier_exploration/devel/share/gennodejs/ros/rosbot_ekf/srv/_index.js)
Linked: (/home/ekin/frontier_exploration/devel/.private/rosbot_ekf/share/gennodejs/ros/rosbot_ekf/srv/Configuration.js, /home/ekin/frontier_exploration/devel/share/gennodejs/ros/rosbot_ekf/srv/Configuration.js)
