Symlinking /home/ekin/frontier_exploration/devel/lib/python3/dist-packages/rosbot_ekf/__init__.py
Symlinking /home/ekin/frontier_exploration/devel/lib/python3/dist-packages/rosbot_ekf/srv/__init__.py
Symlinking /home/ekin/frontier_exploration/devel/lib/python3/dist-packages/rosbot_ekf/srv/_Configuration.py
Symlinking /home/ekin/frontier_exploration/devel/lib/pkgconfig/rosbot_ekf.pc
Symlinking /home/ekin/frontier_exploration/devel/lib/rosbot_ekf/msgs_conversion
Symlinking /home/ekin/frontier_exploration/devel/lib/rosbot_ekf/move_base_ws2812b_example
Symlinking /home/ekin/frontier_exploration/devel/lib/rosbot_ekf/cmd_vel_ws2812b_example
Symlinking /home/ekin/frontier_exploration/devel/include/rosbot_ekf/ConfigurationRequest.h
Symlinking /home/ekin/frontier_exploration/devel/include/rosbot_ekf/ConfigurationResponse.h
Symlinking /home/ekin/frontier_exploration/devel/include/rosbot_ekf/Configuration.h
Symlinking /home/ekin/frontier_exploration/devel/share/common-lisp/ros/rosbot_ekf/srv/Configuration.lisp
Symlinking /home/ekin/frontier_exploration/devel/share/common-lisp/ros/rosbot_ekf/srv/rosbot_ekf-srv.asd
Symlinking /home/ekin/frontier_exploration/devel/share/common-lisp/ros/rosbot_ekf/srv/_package.lisp
Symlinking /home/ekin/frontier_exploration/devel/share/common-lisp/ros/rosbot_ekf/srv/_package_Configuration.lisp
Symlinking /home/ekin/frontier_exploration/devel/share/rosbot_ekf/cmake/rosbot_ekf-msg-extras.cmake
Symlinking /home/ekin/frontier_exploration/devel/share/rosbot_ekf/cmake/rosbot_ekfConfig-version.cmake
Symlinking /home/ekin/frontier_exploration/devel/share/rosbot_ekf/cmake/rosbot_ekfConfig.cmake
Symlinking /home/ekin/frontier_exploration/devel/share/rosbot_ekf/cmake/rosbot_ekf-msg-paths.cmake
Symlinking /home/ekin/frontier_exploration/devel/share/roseus/ros/rosbot_ekf/manifest.l
Symlinking /home/ekin/frontier_exploration/devel/share/roseus/ros/rosbot_ekf/srv/Configuration.l
Symlinking /home/ekin/frontier_exploration/devel/share/gennodejs/ros/rosbot_ekf/_index.js
Symlinking /home/ekin/frontier_exploration/devel/share/gennodejs/ros/rosbot_ekf/srv/_index.js
Symlinking /home/ekin/frontier_exploration/devel/share/gennodejs/ros/rosbot_ekf/srv/Configuration.js
