Linked: (/frontier_expo/frontier_exploration/devel/.private/battery_exploration/include/battery_exploration/battery_station.h, /frontier_expo/frontier_exploration/devel/include/battery_exploration/battery_station.h)
Linked: (/frontier_expo/frontier_exploration/devel/.private/battery_exploration/include/battery_exploration/station.h, /frontier_expo/frontier_exploration/devel/include/battery_exploration/station.h)
Linked: (/frontier_expo/frontier_exploration/devel/.private/battery_exploration/lib/pkgconfig/battery_exploration.pc, /frontier_expo/frontier_exploration/devel/lib/pkgconfig/battery_exploration.pc)
Linked: (/frontier_expo/frontier_exploration/devel/.private/battery_exploration/lib/python3/dist-packages/battery_exploration/__init__.py, /frontier_expo/frontier_exploration/devel/lib/python3/dist-packages/battery_exploration/__init__.py)
Linked: (/frontier_expo/frontier_exploration/devel/.private/battery_exploration/lib/python3/dist-packages/battery_exploration/msg/__init__.py, /frontier_expo/frontier_exploration/devel/lib/python3/dist-packages/battery_exploration/msg/__init__.py)
Linked: (/frontier_expo/frontier_exploration/devel/.private/battery_exploration/lib/python3/dist-packages/battery_exploration/msg/_station.py, /frontier_expo/frontier_exploration/devel/lib/python3/dist-packages/battery_exploration/msg/_station.py)
Linked: (/frontier_expo/frontier_exploration/devel/.private/battery_exploration/lib/python3/dist-packages/battery_exploration/msg/_battery_station.py, /frontier_expo/frontier_exploration/devel/lib/python3/dist-packages/battery_exploration/msg/_battery_station.py)
Linked: (/frontier_expo/frontier_exploration/devel/.private/battery_exploration/share/battery_exploration/cmake/battery_explorationConfig-version.cmake, /frontier_expo/frontier_exploration/devel/share/battery_exploration/cmake/battery_explorationConfig-version.cmake)
Linked: (/frontier_expo/frontier_exploration/devel/.private/battery_exploration/share/battery_exploration/cmake/battery_exploration-msg-paths.cmake, /frontier_expo/frontier_exploration/devel/share/battery_exploration/cmake/battery_exploration-msg-paths.cmake)
Linked: (/frontier_expo/frontier_exploration/devel/.private/battery_exploration/share/battery_exploration/cmake/battery_exploration-msg-extras.cmake, /frontier_expo/frontier_exploration/devel/share/battery_exploration/cmake/battery_exploration-msg-extras.cmake)
Linked: (/frontier_expo/frontier_exploration/devel/.private/battery_exploration/share/battery_exploration/cmake/battery_explorationConfig.cmake, /frontier_expo/frontier_exploration/devel/share/battery_exploration/cmake/battery_explorationConfig.cmake)
Linked: (/frontier_expo/frontier_exploration/devel/.private/battery_exploration/share/gennodejs/ros/battery_exploration/_index.js, /frontier_expo/frontier_exploration/devel/share/gennodejs/ros/battery_exploration/_index.js)
Linked: (/frontier_expo/frontier_exploration/devel/.private/battery_exploration/share/gennodejs/ros/battery_exploration/msg/station.js, /frontier_expo/frontier_exploration/devel/share/gennodejs/ros/battery_exploration/msg/station.js)
Linked: (/frontier_expo/frontier_exploration/devel/.private/battery_exploration/share/gennodejs/ros/battery_exploration/msg/battery_station.js, /frontier_expo/frontier_exploration/devel/share/gennodejs/ros/battery_exploration/msg/battery_station.js)
Linked: (/frontier_expo/frontier_exploration/devel/.private/battery_exploration/share/gennodejs/ros/battery_exploration/msg/_index.js, /frontier_expo/frontier_exploration/devel/share/gennodejs/ros/battery_exploration/msg/_index.js)
Linked: (/frontier_expo/frontier_exploration/devel/.private/battery_exploration/share/roseus/ros/battery_exploration/manifest.l, /frontier_expo/frontier_exploration/devel/share/roseus/ros/battery_exploration/manifest.l)
Linked: (/frontier_expo/frontier_exploration/devel/.private/battery_exploration/share/roseus/ros/battery_exploration/msg/battery_station.l, /frontier_expo/frontier_exploration/devel/share/roseus/ros/battery_exploration/msg/battery_station.l)
Linked: (/frontier_expo/frontier_exploration/devel/.private/battery_exploration/share/roseus/ros/battery_exploration/msg/station.l, /frontier_expo/frontier_exploration/devel/share/roseus/ros/battery_exploration/msg/station.l)
Linked: (/frontier_expo/frontier_exploration/devel/.private/battery_exploration/share/common-lisp/ros/battery_exploration/msg/_package_station.lisp, /frontier_expo/frontier_exploration/devel/share/common-lisp/ros/battery_exploration/msg/_package_station.lisp)
Linked: (/frontier_expo/frontier_exploration/devel/.private/battery_exploration/share/common-lisp/ros/battery_exploration/msg/battery_station.lisp, /frontier_expo/frontier_exploration/devel/share/common-lisp/ros/battery_exploration/msg/battery_station.lisp)
Linked: (/frontier_expo/frontier_exploration/devel/.private/battery_exploration/share/common-lisp/ros/battery_exploration/msg/_package.lisp, /frontier_expo/frontier_exploration/devel/share/common-lisp/ros/battery_exploration/msg/_package.lisp)
Linked: (/frontier_expo/frontier_exploration/devel/.private/battery_exploration/share/common-lisp/ros/battery_exploration/msg/battery_exploration-msg.asd, /frontier_expo/frontier_exploration/devel/share/common-lisp/ros/battery_exploration/msg/battery_exploration-msg.asd)
Linked: (/frontier_expo/frontier_exploration/devel/.private/battery_exploration/share/common-lisp/ros/battery_exploration/msg/_package_battery_station.lisp, /frontier_expo/frontier_exploration/devel/share/common-lisp/ros/battery_exploration/msg/_package_battery_station.lisp)
Linked: (/frontier_expo/frontier_exploration/devel/.private/battery_exploration/share/common-lisp/ros/battery_exploration/msg/station.lisp, /frontier_expo/frontier_exploration/devel/share/common-lisp/ros/battery_exploration/msg/station.lisp)
