[  0%] Built target std_msgs_generate_messages_nodejs
[  0%] Built target std_msgs_generate_messages_py
[  0%] Built target std_msgs_generate_messages_cpp
[  0%] Built target std_msgs_generate_messages_eus
[  0%] Built target std_msgs_generate_messages_lisp
[  0%] Built target _battery_exploration_generate_messages_check_deps_battery_station
[  0%] Built target _battery_exploration_generate_messages_check_deps_station
[ 33%] [34m[1mGenerating C++ code from battery_exploration/battery_station.msg[0m
[ 33%] [34m[1mGenerating Javascript code from battery_exploration/battery_station.msg[0m
[ 33%] [34m[1mGenerating EusLisp code from battery_exploration/battery_station.msg[0m
[ 41%] [34m[1mGenerating Lisp code from battery_exploration/battery_station.msg[0m
[ 50%] [34m[1mGenerating Python from MSG battery_exploration/station[0m
[ 50%] [34m[1mGenerating Lisp code from battery_exploration/station.msg[0m
[ 58%] [34m[1mGenerating Python from MSG battery_exploration/battery_station[0m
[ 75%] [34m[1mGenerating Javascript code from battery_exploration/station.msg[0m
[ 75%] [34m[1mGenerating C++ code from battery_exploration/station.msg[0m
[ 83%] [34m[1mGenerating EusLisp code from battery_exploration/station.msg[0m
[ 83%] Built target battery_exploration_generate_messages_lisp
[ 83%] Built target battery_exploration_generate_messages_nodejs
[ 91%] Built target battery_exploration_generate_messages_eus
[ 91%] Built target battery_exploration_generate_messages_cpp
[100%] [34m[1mGenerating Python msg __init__.py for battery_exploration[0m
[100%] Built target battery_exploration_generate_messages_py
[100%] Built target battery_exploration_generate_messages
